2026-07-16 12:44:14 [INFO] [193523] [193523] [kernel_parser_worker.cpp:46] Start run KernelParserWorker
2026-07-16 12:44:14 [INFO] [193523] [193525] [kernel_parser_worker.cpp:58] Start parse hash data
2026-07-16 12:44:14 [INFO] [193523] [193526] [kernel_parser_worker.cpp:62] Start parse type info data
2026-07-16 12:44:14 [INFO] [193523] [193525] [kernel_parser_worker.cpp:78] Hash data load from path: /mnt/workspace/cannbot_ascendc_vs_pypto/operators/add/reports/raw/torch_b2/PROF_000001_20260716124408147_00193371IBDECIHD/host/data
2026-07-16 12:44:14 [INFO] [193523] [193526] [kernel_parser_worker.cpp:100] Typeinfo data load from path: /mnt/workspace/cannbot_ascendc_vs_pypto/operators/add/reports/raw/torch_b2/PROF_000001_20260716124408147_00193371IBDECIHD/host/data
2026-07-16 12:44:14 [INFO] [193523] [193525] [kernel_parser_worker.cpp:80] Start load runtime op info data
2026-07-16 12:44:14 [INFO] [193523] [193525] [kernel_parser_worker.cpp:83] success get hash data
2026-07-16 12:44:14 [INFO] [193523] [193525] [kernel_parser_worker.cpp:90] success get hashDbDumper
2026-07-16 12:44:14 [INFO] [193523] [193525] [db_runner.cpp:53] Start create GeHashInfo
2026-07-16 12:44:14 [INFO] [193523] [193525] [db_runner.cpp:66] create GeHashInfo success
2026-07-16 12:44:14 [INFO] [193523] [193525] [db_runner.h:61] Start insert data to GeHashInfo
2026-07-16 12:44:14 [INFO] [193523] [193526] [db_runner.cpp:53] Start create TypeHashInfo
2026-07-16 12:44:14 [INFO] [193523] [193525] [db_runner.h:72] insert data to GeHashInfo success
2026-07-16 12:44:14 [INFO] [193523] [193525] [base_dumper.h:56] Dump GeHashInfo data success
2026-07-16 12:44:14 [INFO] [193523] [193526] [db_runner.cpp:66] create TypeHashInfo success
2026-07-16 12:44:14 [INFO] [193523] [193526] [db_runner.h:61] Start insert data to TypeHashInfo
2026-07-16 12:44:14 [INFO] [193523] [193526] [db_runner.h:72] insert data to TypeHashInfo success
2026-07-16 12:44:14 [INFO] [193523] [193526] [base_dumper.h:56] Dump TypeHashInfo data success
2026-07-16 12:44:14 [INFO] [193523] [193523] [time_logger.h:32] HostTraceWorker start
2026-07-16 12:44:14 [INFO] [193523] [193523] [time_logger.h:32] Group all events start
2026-07-16 12:44:14 [INFO] [193523] [193528] [time_logger.h:32] Group Kernel start
2026-07-16 12:44:14 [INFO] [193523] [193534] [time_logger.h:32] Group GraphIdMap start
2026-07-16 12:44:14 [INFO] [193523] [193529] [time_logger.h:32] Group FusionOpInfo start
2026-07-16 12:44:14 [INFO] [193523] [193531] [time_logger.h:32] Group NodeBasicInfo start
2026-07-16 12:44:14 [INFO] [193523] [193534] [time_logger.h:39] Group GraphIdMap end, cost time = 0 ms
2026-07-16 12:44:14 [INFO] [193523] [193529] [time_logger.h:39] Group FusionOpInfo end, cost time = 0 ms
2026-07-16 12:44:14 [INFO] [193523] [193532] [time_logger.h:32] Group NodeAttrInfo start
2026-07-16 12:44:14 [INFO] [193523] [193534] [time_logger.h:32] Group ContextId start
2026-07-16 12:44:14 [INFO] [193523] [193529] [time_logger.h:32] Group TaskTrack start
2026-07-16 12:44:14 [INFO] [193523] [193531] [time_logger.h:39] Group NodeBasicInfo end, cost time = 0 ms
2026-07-16 12:44:14 [INFO] [193523] [193527] [time_logger.h:32] Group HcclInfo start
2026-07-16 12:44:14 [INFO] [193523] [193533] [time_logger.h:32] Group TensorInfo start
2026-07-16 12:44:14 [INFO] [193523] [193532] [time_logger.h:39] Group NodeAttrInfo end, cost time = 0 ms
2026-07-16 12:44:14 [INFO] [193523] [193534] [time_logger.h:39] Group ContextId end, cost time = 0 ms
2026-07-16 12:44:14 [INFO] [193523] [193530] [time_logger.h:32] Group HcclOpInfo start
2026-07-16 12:44:14 [INFO] [193523] [193527] [time_logger.h:39] Group HcclInfo end, cost time = 0 ms
2026-07-16 12:44:14 [INFO] [193523] [193533] [time_logger.h:39] Group TensorInfo end, cost time = 0 ms
2026-07-16 12:44:14 [INFO] [193523] [193530] [time_logger.h:39] Group HcclOpInfo end, cost time = 0 ms
2026-07-16 12:44:14 [INFO] [193523] [193529] [time_logger.h:39] Group TaskTrack end, cost time = 1 ms
2026-07-16 12:44:14 [INFO] [193523] [193528] [time_logger.h:39] Group Kernel end, cost time = 3 ms
2026-07-16 12:44:14 [INFO] [193523] [193523] [event_grouper.cpp:127] After group events, Kernel: 58, GraphId: 0, FusionOp: 0, NodeBasic: 0, NodeAttr: 0, Tensor: 0, ContextId: 0, HcclInfo: 0, TaskTrack: 3, HcclOpInfo: 0, thread: 193371
2026-07-16 12:44:14 [INFO] [193523] [193523] [event_grouper.cpp:127] After group events, Kernel: 4221, GraphId: 0, FusionOp: 0, NodeBasic: 0, NodeAttr: 0, Tensor: 0, ContextId: 0, HcclInfo: 0, TaskTrack: 2110, HcclOpInfo: 0, thread: 193468
2026-07-16 12:44:14 [INFO] [193523] [193523] [time_logger.h:39] Group all events end, cost time = 4 ms
2026-07-16 12:44:14 [INFO] [193523] [193544] [time_logger.h:32] Dump api data start start
2026-07-16 12:44:14 [INFO] [193523] [193535] [time_logger.h:32] Dump flip tasks data start start
2026-07-16 12:44:14 [INFO] [193523] [193538] [time_logger.h:32] Dump model name data start start
2026-07-16 12:44:14 [INFO] [193523] [193537] [time_logger.h:32] Multi thread build tree start
2026-07-16 12:44:14 [INFO] [193523] [193535] [db_runner.cpp:53] Start create HostTaskFlip
2026-07-16 12:44:14 [WARN] [193523] [193538] [base_dumper.h:42] Input data is empty, pass dump
2026-07-16 12:44:14 [INFO] [193523] [193538] [time_logger.h:39] Dump model name data start end, cost time = 0 ms
2026-07-16 12:44:14 [INFO] [193523] [193545] [host_trace_worker.cpp:69] Start multi thread build tree, threadId = 193468
2026-07-16 12:44:14 [INFO] [193523] [193546] [host_trace_worker.cpp:69] Start multi thread build tree, threadId = 193371
2026-07-16 12:44:14 [INFO] [193523] [193535] [db_runner.cpp:66] create HostTaskFlip success
2026-07-16 12:44:14 [INFO] [193523] [193546] [event_queue.cpp:72] EventQueue for thread 193371 is empty
2026-07-16 12:44:14 [INFO] [193523] [193546] [event_queue.cpp:72] EventQueue for thread 193371 is empty
2026-07-16 12:44:14 [INFO] [193523] [193535] [db_runner.h:61] Start insert data to HostTaskFlip
2026-07-16 12:44:14 [WARN] [193523] [193556] [tree_builder.cpp:192] No Events, event type: 8, threadId = 193371
2026-07-16 12:44:14 [WARN] [193523] [193557] [tree_builder.cpp:192] No Events, event type: 2, threadId = 193371
2026-07-16 12:44:14 [WARN] [193523] [193555] [tree_builder.cpp:192] No Events, event type: 6, threadId = 193371
2026-07-16 12:44:14 [WARN] [193523] [193557] [tree_builder.cpp:192] No Events, event type: 3, threadId = 193371
2026-07-16 12:44:14 [WARN] [193523] [193555] [tree_builder.cpp:192] No Events, event type: 5, threadId = 193371
2026-07-16 12:44:14 [WARN] [193523] [193557] [tree_builder.cpp:192] No Events, event type: 4, threadId = 193371
2026-07-16 12:44:14 [WARN] [193523] [193557] [tree_builder.cpp:192] No Events, event type: 6, threadId = 193371
2026-07-16 12:44:14 [INFO] [193523] [193535] [db_runner.h:72] insert data to HostTaskFlip success
2026-07-16 12:44:14 [WARN] [193523] [193557] [tree_builder.cpp:192] No Events, event type: 10, threadId = 193371
2026-07-16 12:44:14 [INFO] [193523] [193535] [base_dumper.h:56] Dump HostTaskFlip data success
2026-07-16 12:44:14 [INFO] [193523] [193535] [time_logger.h:39] Dump flip tasks data start end, cost time = 0 ms
2026-07-16 12:44:14 [INFO] [193523] [193544] [db_runner.cpp:53] Start create ApiData
2026-07-16 12:44:14 [INFO] [193523] [193546] [tree_builder.cpp:73] Build Tree End, ThreadId = 193371
2026-07-16 12:44:14 [INFO] [193523] [193546] [host_trace_worker.cpp:79] Multi thread build tree done, threadId = 193371
2026-07-16 12:44:14 [INFO] [193523] [193544] [db_runner.cpp:66] create ApiData success
2026-07-16 12:44:14 [INFO] [193523] [193545] [event_queue.cpp:72] EventQueue for thread 193468 is empty
2026-07-16 12:44:14 [INFO] [193523] [193545] [event_queue.cpp:72] EventQueue for thread 193468 is empty
2026-07-16 12:44:14 [WARN] [193523] [193559] [tree_builder.cpp:192] No Events, event type: 8, threadId = 193468
2026-07-16 12:44:14 [WARN] [193523] [193560] [tree_builder.cpp:192] No Events, event type: 2, threadId = 193468
2026-07-16 12:44:14 [WARN] [193523] [193558] [tree_builder.cpp:192] No Events, event type: 6, threadId = 193468
2026-07-16 12:44:14 [WARN] [193523] [193560] [tree_builder.cpp:192] No Events, event type: 3, threadId = 193468
2026-07-16 12:44:14 [WARN] [193523] [193558] [tree_builder.cpp:192] No Events, event type: 5, threadId = 193468
2026-07-16 12:44:14 [WARN] [193523] [193560] [tree_builder.cpp:192] No Events, event type: 4, threadId = 193468
2026-07-16 12:44:14 [WARN] [193523] [193560] [tree_builder.cpp:192] No Events, event type: 6, threadId = 193468
2026-07-16 12:44:14 [WARN] [193523] [193560] [tree_builder.cpp:192] No Events, event type: 10, threadId = 193468
2026-07-16 12:44:14 [INFO] [193523] [193544] [db_runner.h:61] Start insert data to ApiData
2026-07-16 12:44:14 [INFO] [193523] [193545] [tree_builder.cpp:73] Build Tree End, ThreadId = 193468
2026-07-16 12:44:14 [INFO] [193523] [193545] [host_trace_worker.cpp:79] Multi thread build tree done, threadId = 193468
2026-07-16 12:44:14 [INFO] [193523] [193537] [time_logger.h:39] Multi thread build tree end, cost time = 4 ms
2026-07-16 12:44:14 [INFO] [193523] [193537] [time_logger.h:32] Multi thread analyze tree and dump data start
2026-07-16 12:44:14 [INFO] [193523] [193561] [host_trace_worker.cpp:95] Start analyze tree and dump data, threadId = 193371
2026-07-16 12:44:14 [INFO] [193523] [193562] [host_trace_worker.cpp:95] Start analyze tree and dump data, threadId = 193468
2026-07-16 12:44:14 [INFO] [193523] [193561] [time_logger.h:32] Dump CANN data start
2026-07-16 12:44:14 [INFO] [193523] [193574] [cann_trace_db_dumper.cpp:148] Empty hccl OPs
2026-07-16 12:44:14 [INFO] [193523] [193572] [time_logger.h:32] Dump host tasks start
2026-07-16 12:44:14 [INFO] [193523] [193574] [cann_trace_db_dumper.cpp:396] Empty hccl tasks
2026-07-16 12:44:14 [INFO] [193523] [193572] [db_runner.cpp:53] Start create HostTask
2026-07-16 12:44:14 [INFO] [193523] [193573] [cann_trace_db_dumper.cpp:449] Empty geFusionOps
2026-07-16 12:44:14 [INFO] [193523] [193571] [cann_trace_db_dumper.cpp:217] Empty kernel tasks
2026-07-16 12:44:14 [INFO] [193523] [193572] [db_runner.cpp:66] create HostTask success
2026-07-16 12:44:14 [INFO] [193523] [193572] [db_runner.h:61] Start insert data to HostTask
2026-07-16 12:44:14 [INFO] [193523] [193572] [db_runner.h:72] insert data to HostTask success
2026-07-16 12:44:14 [INFO] [193523] [193572] [time_logger.h:39] Dump host tasks end, cost time = 0 ms
2026-07-16 12:44:14 [INFO] [193523] [193561] [time_logger.h:39] Dump CANN data end, cost time = 0 ms
2026-07-16 12:44:14 [INFO] [193523] [193561] [host_trace_worker.cpp:103] Dump cann trace data done, threadId = 193371
2026-07-16 12:44:14 [INFO] [193523] [193562] [time_logger.h:32] Dump CANN data start
2026-07-16 12:44:14 [INFO] [193523] [193575] [cann_trace_db_dumper.cpp:148] Empty hccl OPs
2026-07-16 12:44:14 [INFO] [193523] [193575] [cann_trace_db_dumper.cpp:396] Empty hccl tasks
2026-07-16 12:44:14 [INFO] [193523] [193578] [cann_trace_db_dumper.cpp:449] Empty geFusionOps
2026-07-16 12:44:14 [INFO] [193523] [193577] [time_logger.h:32] Dump host tasks start
2026-07-16 12:44:14 [INFO] [193523] [193577] [db_runner.cpp:53] Start create HostTask
2026-07-16 12:44:14 [INFO] [193523] [193575] [time_logger.h:32] DumpOpDesc Start start
2026-07-16 12:44:14 [INFO] [193523] [193575] [db_runner.cpp:53] Start create TaskInfo
2026-07-16 12:44:14 [INFO] [193523] [193577] [db_runner.cpp:66] create HostTask success
2026-07-16 12:44:14 [INFO] [193523] [193575] [db_runner.cpp:66] create TaskInfo success
2026-07-16 12:44:14 [INFO] [193523] [193575] [db_runner.h:61] Start insert data to TaskInfo
2026-07-16 12:44:14 [INFO] [193523] [193577] [db_runner.h:61] Start insert data to HostTask
2026-07-16 12:44:14 [INFO] [193523] [193577] [db_runner.h:72] insert data to HostTask success
2026-07-16 12:44:14 [INFO] [193523] [193577] [time_logger.h:39] Dump host tasks end, cost time = 4 ms
2026-07-16 12:44:14 [INFO] [193523] [193544] [db_runner.h:72] insert data to ApiData success
2026-07-16 12:44:14 [INFO] [193523] [193544] [base_dumper.h:56] Dump ApiData data success
2026-07-16 12:44:14 [INFO] [193523] [193575] [db_runner.h:72] insert data to TaskInfo success
2026-07-16 12:44:14 [INFO] [193523] [193544] [time_logger.h:39] Dump api data start end, cost time = 13 ms
2026-07-16 12:44:14 [INFO] [193523] [193575] [time_logger.h:39] DumpOpDesc Start end, cost time = 6 ms
2026-07-16 12:44:14 [INFO] [193523] [193562] [time_logger.h:39] Dump CANN data end, cost time = 6 ms
2026-07-16 12:44:14 [INFO] [193523] [193562] [host_trace_worker.cpp:103] Dump cann trace data done, threadId = 193468
2026-07-16 12:44:14 [INFO] [193523] [193537] [time_logger.h:39] Multi thread analyze tree and dump data end, cost time = 10 ms
2026-07-16 12:44:14 [INFO] [193523] [193523] [time_logger.h:32] Dump memcpy info data start start
2026-07-16 12:44:14 [WARN] [193523] [193523] [base_dumper.h:42] Input data is empty, pass dump
2026-07-16 12:44:14 [INFO] [193523] [193523] [time_logger.h:39] Dump memcpy info data start end, cost time = 0 ms
2026-07-16 12:44:14 [INFO] [193523] [193523] [time_logger.h:39] HostTraceWorker end, cost time = 19 ms
