2026-07-16 12:49:25 [INFO] [206046] [206046] [kernel_parser_worker.cpp:46] Start run KernelParserWorker
2026-07-16 12:49:25 [INFO] [206046] [206048] [kernel_parser_worker.cpp:58] Start parse hash data
2026-07-16 12:49:25 [INFO] [206046] [206047] [kernel_parser_worker.cpp:62] Start parse type info data
2026-07-16 12:49:25 [INFO] [206046] [206048] [kernel_parser_worker.cpp:78] Hash data load from path: /mnt/workspace/cannbot_ascendc_vs_pypto/operators/add/reports/raw/pypto_b32/PROF_000001_20260716124917523_00205437GRNLDGOG/host/data
2026-07-16 12:49:25 [INFO] [206046] [206047] [kernel_parser_worker.cpp:100] Typeinfo data load from path: /mnt/workspace/cannbot_ascendc_vs_pypto/operators/add/reports/raw/pypto_b32/PROF_000001_20260716124917523_00205437GRNLDGOG/host/data
2026-07-16 12:49:25 [INFO] [206046] [206048] [kernel_parser_worker.cpp:80] Start load runtime op info data
2026-07-16 12:49:25 [INFO] [206046] [206048] [kernel_parser_worker.cpp:83] success get hash data
2026-07-16 12:49:25 [INFO] [206046] [206048] [kernel_parser_worker.cpp:90] success get hashDbDumper
2026-07-16 12:49:25 [INFO] [206046] [206048] [db_runner.cpp:53] Start create GeHashInfo
2026-07-16 12:49:25 [INFO] [206046] [206048] [db_runner.cpp:66] create GeHashInfo success
2026-07-16 12:49:25 [INFO] [206046] [206048] [db_runner.h:61] Start insert data to GeHashInfo
2026-07-16 12:49:25 [INFO] [206046] [206047] [db_runner.cpp:53] Start create TypeHashInfo
2026-07-16 12:49:25 [INFO] [206046] [206048] [db_runner.h:72] insert data to GeHashInfo success
2026-07-16 12:49:25 [INFO] [206046] [206048] [base_dumper.h:56] Dump GeHashInfo data success
2026-07-16 12:49:25 [INFO] [206046] [206047] [db_runner.cpp:66] create TypeHashInfo success
2026-07-16 12:49:25 [INFO] [206046] [206047] [db_runner.h:61] Start insert data to TypeHashInfo
2026-07-16 12:49:25 [INFO] [206046] [206047] [db_runner.h:72] insert data to TypeHashInfo success
2026-07-16 12:49:25 [INFO] [206046] [206047] [base_dumper.h:56] Dump TypeHashInfo data success
2026-07-16 12:49:25 [INFO] [206046] [206046] [time_logger.h:32] HostTraceWorker start
2026-07-16 12:49:25 [INFO] [206046] [206046] [time_logger.h:32] Group all events start
2026-07-16 12:49:25 [INFO] [206046] [206051] [time_logger.h:32] Group Kernel start
2026-07-16 12:49:25 [INFO] [206046] [206052] [time_logger.h:32] Group GraphIdMap start
2026-07-16 12:49:25 [INFO] [206046] [206050] [time_logger.h:32] Group FusionOpInfo start
2026-07-16 12:49:25 [INFO] [206046] [206053] [time_logger.h:32] Group NodeBasicInfo start
2026-07-16 12:49:25 [INFO] [206046] [206054] [time_logger.h:32] Group NodeAttrInfo start
2026-07-16 12:49:25 [INFO] [206046] [206050] [time_logger.h:39] Group FusionOpInfo end, cost time = 0 ms
2026-07-16 12:49:25 [INFO] [206046] [206052] [time_logger.h:39] Group GraphIdMap end, cost time = 0 ms
2026-07-16 12:49:25 [INFO] [206046] [206053] [time_logger.h:39] Group NodeBasicInfo end, cost time = 0 ms
2026-07-16 12:49:25 [INFO] [206046] [206055] [time_logger.h:32] Group TensorInfo start
2026-07-16 12:49:25 [INFO] [206046] [206057] [time_logger.h:32] Group ContextId start
2026-07-16 12:49:25 [INFO] [206046] [206053] [time_logger.h:32] Group HcclInfo start
2026-07-16 12:49:25 [INFO] [206046] [206054] [time_logger.h:39] Group NodeAttrInfo end, cost time = 0 ms
2026-07-16 12:49:25 [INFO] [206046] [206050] [time_logger.h:32] Group HcclOpInfo start
2026-07-16 12:49:25 [INFO] [206046] [206055] [time_logger.h:39] Group TensorInfo end, cost time = 0 ms
2026-07-16 12:49:25 [INFO] [206046] [206052] [time_logger.h:32] Group TaskTrack start
2026-07-16 12:49:25 [INFO] [206046] [206053] [time_logger.h:39] Group HcclInfo end, cost time = 0 ms
2026-07-16 12:49:25 [INFO] [206046] [206050] [time_logger.h:39] Group HcclOpInfo end, cost time = 0 ms
2026-07-16 12:49:25 [INFO] [206046] [206057] [time_logger.h:39] Group ContextId end, cost time = 0 ms
2026-07-16 12:49:25 [INFO] [206046] [206051] [time_logger.h:39] Group Kernel end, cost time = 1 ms
2026-07-16 12:49:25 [INFO] [206046] [206052] [time_logger.h:39] Group TaskTrack end, cost time = 1 ms
2026-07-16 12:49:25 [INFO] [206046] [206046] [event_grouper.cpp:127] After group events, Kernel: 2727, GraphId: 0, FusionOp: 0, NodeBasic: 0, NodeAttr: 0, Tensor: 0, ContextId: 300, HcclInfo: 0, TaskTrack: 1796, HcclOpInfo: 0, thread: 205437
2026-07-16 12:49:25 [INFO] [206046] [206046] [event_grouper.cpp:127] After group events, Kernel: 1, GraphId: 0, FusionOp: 0, NodeBasic: 0, NodeAttr: 0, Tensor: 0, ContextId: 0, HcclInfo: 0, TaskTrack: 0, HcclOpInfo: 0, thread: 205563
2026-07-16 12:49:25 [INFO] [206046] [206046] [time_logger.h:39] Group all events end, cost time = 1 ms
2026-07-16 12:49:25 [INFO] [206046] [206059] [time_logger.h:32] Dump api data start start
2026-07-16 12:49:25 [INFO] [206046] [206067] [time_logger.h:32] Multi thread build tree start
2026-07-16 12:49:25 [INFO] [206046] [206061] [time_logger.h:32] Dump model name data start start
2026-07-16 12:49:25 [INFO] [206046] [206058] [time_logger.h:32] Dump flip tasks data start start
2026-07-16 12:49:25 [WARN] [206046] [206061] [base_dumper.h:42] Input data is empty, pass dump
2026-07-16 12:49:25 [INFO] [206046] [206058] [db_runner.cpp:53] Start create HostTaskFlip
2026-07-16 12:49:25 [INFO] [206046] [206061] [time_logger.h:39] Dump model name data start end, cost time = 0 ms
2026-07-16 12:49:25 [INFO] [206046] [206059] [db_runner.cpp:53] Start create ApiData
2026-07-16 12:49:25 [INFO] [206046] [206077] [host_trace_worker.cpp:69] Start multi thread build tree, threadId = 205437
2026-07-16 12:49:25 [INFO] [206046] [206068] [host_trace_worker.cpp:69] Start multi thread build tree, threadId = 205563
2026-07-16 12:49:25 [INFO] [206046] [206068] [event_queue.cpp:72] EventQueue for thread 205563 is empty
2026-07-16 12:49:25 [INFO] [206046] [206068] [event_queue.cpp:72] EventQueue for thread 205563 is empty
2026-07-16 12:49:25 [INFO] [206046] [206058] [db_runner.cpp:66] create HostTaskFlip success
2026-07-16 12:49:25 [WARN] [206046] [206078] [tree_builder.cpp:192] No Events, event type: 2, threadId = 205563
2026-07-16 12:49:25 [WARN] [206046] [206079] [tree_builder.cpp:192] No Events, event type: 8, threadId = 205563
2026-07-16 12:49:25 [WARN] [206046] [206080] [tree_builder.cpp:192] No Events, event type: 6, threadId = 205563
2026-07-16 12:49:25 [INFO] [206046] [206058] [db_runner.h:61] Start insert data to HostTaskFlip
2026-07-16 12:49:25 [WARN] [206046] [206078] [tree_builder.cpp:192] No Events, event type: 3, threadId = 205563
2026-07-16 12:49:25 [WARN] [206046] [206080] [tree_builder.cpp:192] No Events, event type: 5, threadId = 205563
2026-07-16 12:49:25 [WARN] [206046] [206078] [tree_builder.cpp:192] No Events, event type: 4, threadId = 205563
2026-07-16 12:49:25 [WARN] [206046] [206078] [tree_builder.cpp:192] No Events, event type: 6, threadId = 205563
2026-07-16 12:49:25 [WARN] [206046] [206078] [tree_builder.cpp:192] No Events, event type: 10, threadId = 205563
2026-07-16 12:49:25 [INFO] [206046] [206059] [db_runner.cpp:66] create ApiData success
2026-07-16 12:49:25 [INFO] [206046] [206068] [tree_builder.cpp:268] TaskTrack Events have been processed, threadId = 205563
2026-07-16 12:49:25 [INFO] [206046] [206068] [tree_builder.cpp:73] Build Tree End, ThreadId = 205563
2026-07-16 12:49:25 [INFO] [206046] [206068] [host_trace_worker.cpp:79] Multi thread build tree done, threadId = 205563
2026-07-16 12:49:25 [INFO] [206046] [206058] [db_runner.h:72] insert data to HostTaskFlip success
2026-07-16 12:49:25 [INFO] [206046] [206058] [base_dumper.h:56] Dump HostTaskFlip data success
2026-07-16 12:49:25 [INFO] [206046] [206058] [time_logger.h:39] Dump flip tasks data start end, cost time = 0 ms
2026-07-16 12:49:25 [INFO] [206046] [206077] [event_queue.cpp:72] EventQueue for thread 205437 is empty
2026-07-16 12:49:25 [INFO] [206046] [206077] [event_queue.cpp:72] EventQueue for thread 205437 is empty
2026-07-16 12:49:25 [WARN] [206046] [206083] [tree_builder.cpp:192] No Events, event type: 8, threadId = 205437
2026-07-16 12:49:25 [WARN] [206046] [206083] [tree_builder.cpp:192] No Events, event type: 6, threadId = 205437
2026-07-16 12:49:25 [WARN] [206046] [206082] [tree_builder.cpp:192] No Events, event type: 2, threadId = 205437
2026-07-16 12:49:25 [WARN] [206046] [206083] [tree_builder.cpp:192] No Events, event type: 5, threadId = 205437
2026-07-16 12:49:25 [WARN] [206046] [206082] [tree_builder.cpp:192] No Events, event type: 3, threadId = 205437
2026-07-16 12:49:25 [WARN] [206046] [206082] [tree_builder.cpp:192] No Events, event type: 4, threadId = 205437
2026-07-16 12:49:25 [INFO] [206046] [206082] [tree_builder.cpp:234] Add LevelEvents done, threadId = 205437, event type: 6, matchCnt = 300, mismatchCnt = 0 
2026-07-16 12:49:25 [WARN] [206046] [206082] [tree_builder.cpp:192] No Events, event type: 10, threadId = 205437
2026-07-16 12:49:25 [INFO] [206046] [206059] [db_runner.h:61] Start insert data to ApiData
2026-07-16 12:49:25 [INFO] [206046] [206077] [tree_builder.cpp:73] Build Tree End, ThreadId = 205437
2026-07-16 12:49:25 [INFO] [206046] [206077] [host_trace_worker.cpp:79] Multi thread build tree done, threadId = 205437
2026-07-16 12:49:25 [INFO] [206046] [206067] [time_logger.h:39] Multi thread build tree end, cost time = 2 ms
2026-07-16 12:49:25 [INFO] [206046] [206067] [time_logger.h:32] Multi thread analyze tree and dump data start
2026-07-16 12:49:25 [INFO] [206046] [206085] [host_trace_worker.cpp:95] Start analyze tree and dump data, threadId = 205563
2026-07-16 12:49:25 [INFO] [206046] [206084] [host_trace_worker.cpp:95] Start analyze tree and dump data, threadId = 205437
2026-07-16 12:49:25 [INFO] [206046] [206085] [time_logger.h:32] Dump CANN data start
2026-07-16 12:49:25 [INFO] [206046] [206095] [cann_trace_db_dumper.cpp:148] Empty hccl OPs
2026-07-16 12:49:25 [INFO] [206046] [206094] [cann_trace_db_dumper.cpp:181] Empty host tasks
2026-07-16 12:49:25 [INFO] [206046] [206095] [cann_trace_db_dumper.cpp:396] Empty hccl tasks
2026-07-16 12:49:25 [INFO] [206046] [206096] [cann_trace_db_dumper.cpp:449] Empty geFusionOps
2026-07-16 12:49:25 [INFO] [206046] [206097] [cann_trace_db_dumper.cpp:217] Empty kernel tasks
2026-07-16 12:49:25 [INFO] [206046] [206085] [time_logger.h:39] Dump CANN data end, cost time = 0 ms
2026-07-16 12:49:25 [INFO] [206046] [206085] [host_trace_worker.cpp:103] Dump cann trace data done, threadId = 205563
2026-07-16 12:49:25 [INFO] [206046] [206059] [db_runner.h:72] insert data to ApiData success
2026-07-16 12:49:25 [INFO] [206046] [206059] [base_dumper.h:56] Dump ApiData data success
2026-07-16 12:49:25 [INFO] [206046] [206059] [time_logger.h:39] Dump api data start end, cost time = 4 ms
2026-07-16 12:49:25 [INFO] [206046] [206084] [time_logger.h:32] Dump CANN data start
2026-07-16 12:49:25 [INFO] [206046] [206099] [cann_trace_db_dumper.cpp:148] Empty hccl OPs
2026-07-16 12:49:25 [INFO] [206046] [206099] [cann_trace_db_dumper.cpp:396] Empty hccl tasks
2026-07-16 12:49:25 [INFO] [206046] [206100] [cann_trace_db_dumper.cpp:449] Empty geFusionOps
2026-07-16 12:49:25 [INFO] [206046] [206098] [time_logger.h:32] DumpOpDesc Start start
2026-07-16 12:49:25 [INFO] [206046] [206098] [db_runner.cpp:53] Start create TaskInfo
2026-07-16 12:49:25 [INFO] [206046] [206101] [time_logger.h:32] Dump host tasks start
2026-07-16 12:49:25 [INFO] [206046] [206101] [db_runner.cpp:53] Start create HostTask
2026-07-16 12:49:25 [INFO] [206046] [206098] [db_runner.cpp:66] create TaskInfo success
2026-07-16 12:49:25 [INFO] [206046] [206101] [db_runner.cpp:66] create HostTask success
2026-07-16 12:49:25 [WARN] [206046] [206098] [cann_trace_db_dumper.cpp:319] Can't get task's kernel name, streamId is 43, taskId is 0, batch id is 0, timestamp is 8238202934586.
2026-07-16 12:49:25 [INFO] [206046] [206098] [db_runner.h:61] Start insert data to TaskInfo
2026-07-16 12:49:25 [INFO] [206046] [206101] [db_runner.h:61] Start insert data to HostTask
2026-07-16 12:49:25 [INFO] [206046] [206098] [db_runner.h:72] insert data to TaskInfo success
2026-07-16 12:49:25 [INFO] [206046] [206098] [time_logger.h:39] DumpOpDesc Start end, cost time = 3 ms
2026-07-16 12:49:25 [INFO] [206046] [206101] [db_runner.h:72] insert data to HostTask success
2026-07-16 12:49:25 [INFO] [206046] [206101] [time_logger.h:39] Dump host tasks end, cost time = 4 ms
2026-07-16 12:49:25 [INFO] [206046] [206084] [time_logger.h:39] Dump CANN data end, cost time = 4 ms
2026-07-16 12:49:25 [INFO] [206046] [206084] [host_trace_worker.cpp:103] Dump cann trace data done, threadId = 205437
2026-07-16 12:49:25 [INFO] [206046] [206067] [time_logger.h:39] Multi thread analyze tree and dump data end, cost time = 7 ms
2026-07-16 12:49:25 [INFO] [206046] [206046] [time_logger.h:32] Dump memcpy info data start start
2026-07-16 12:49:25 [WARN] [206046] [206046] [base_dumper.h:42] Input data is empty, pass dump
2026-07-16 12:49:25 [INFO] [206046] [206046] [time_logger.h:39] Dump memcpy info data start end, cost time = 0 ms
2026-07-16 12:49:25 [INFO] [206046] [206046] [time_logger.h:39] HostTraceWorker end, cost time = 13 ms
