2026-07-16 13:01:54 [INFO] [227027] [227027] [kernel_parser_worker.cpp:46] Start run KernelParserWorker
2026-07-16 13:01:54 [INFO] [227027] [227029] [kernel_parser_worker.cpp:58] Start parse hash data
2026-07-16 13:01:54 [INFO] [227027] [227029] [kernel_parser_worker.cpp:78] Hash data load from path: /mnt/workspace/cannbot_ascendc_vs_pypto/operators/relu/reports/raw/pypto_b16/PROF_000001_20260716130147053_00226375ERQNEAIA/host/data
2026-07-16 13:01:54 [INFO] [227027] [227030] [kernel_parser_worker.cpp:62] Start parse type info data
2026-07-16 13:01:54 [INFO] [227027] [227030] [kernel_parser_worker.cpp:100] Typeinfo data load from path: /mnt/workspace/cannbot_ascendc_vs_pypto/operators/relu/reports/raw/pypto_b16/PROF_000001_20260716130147053_00226375ERQNEAIA/host/data
2026-07-16 13:01:54 [INFO] [227027] [227029] [kernel_parser_worker.cpp:80] Start load runtime op info data
2026-07-16 13:01:54 [INFO] [227027] [227029] [kernel_parser_worker.cpp:83] success get hash data
2026-07-16 13:01:54 [INFO] [227027] [227029] [kernel_parser_worker.cpp:90] success get hashDbDumper
2026-07-16 13:01:54 [INFO] [227027] [227029] [db_runner.cpp:53] Start create GeHashInfo
2026-07-16 13:01:54 [INFO] [227027] [227029] [db_runner.cpp:66] create GeHashInfo success
2026-07-16 13:01:54 [INFO] [227027] [227029] [db_runner.h:61] Start insert data to GeHashInfo
2026-07-16 13:01:54 [INFO] [227027] [227029] [db_runner.h:72] insert data to GeHashInfo success
2026-07-16 13:01:54 [INFO] [227027] [227029] [base_dumper.h:56] Dump GeHashInfo data success
2026-07-16 13:01:54 [INFO] [227027] [227030] [db_runner.cpp:53] Start create TypeHashInfo
2026-07-16 13:01:54 [INFO] [227027] [227030] [db_runner.cpp:66] create TypeHashInfo success
2026-07-16 13:01:54 [INFO] [227027] [227030] [db_runner.h:61] Start insert data to TypeHashInfo
2026-07-16 13:01:54 [INFO] [227027] [227030] [db_runner.h:72] insert data to TypeHashInfo success
2026-07-16 13:01:54 [INFO] [227027] [227030] [base_dumper.h:56] Dump TypeHashInfo data success
2026-07-16 13:01:54 [INFO] [227027] [227027] [time_logger.h:32] HostTraceWorker start
2026-07-16 13:01:54 [INFO] [227027] [227027] [time_logger.h:32] Group all events start
2026-07-16 13:01:54 [INFO] [227027] [227038] [time_logger.h:32] Group Kernel start
2026-07-16 13:01:54 [INFO] [227027] [227033] [time_logger.h:32] Group GraphIdMap start
2026-07-16 13:01:54 [INFO] [227027] [227031] [time_logger.h:32] Group FusionOpInfo start
2026-07-16 13:01:54 [INFO] [227027] [227035] [time_logger.h:32] Group NodeBasicInfo start
2026-07-16 13:01:54 [INFO] [227027] [227036] [time_logger.h:32] Group NodeAttrInfo start
2026-07-16 13:01:54 [INFO] [227027] [227033] [time_logger.h:39] Group GraphIdMap end, cost time = 0 ms
2026-07-16 13:01:54 [INFO] [227027] [227037] [time_logger.h:32] Group TensorInfo start
2026-07-16 13:01:54 [INFO] [227027] [227035] [time_logger.h:39] Group NodeBasicInfo end, cost time = 0 ms
2026-07-16 13:01:54 [INFO] [227027] [227032] [time_logger.h:32] Group ContextId start
2026-07-16 13:01:54 [INFO] [227027] [227031] [time_logger.h:39] Group FusionOpInfo end, cost time = 0 ms
2026-07-16 13:01:54 [INFO] [227027] [227035] [time_logger.h:32] Group HcclOpInfo start
2026-07-16 13:01:54 [INFO] [227027] [227034] [time_logger.h:32] Group HcclInfo start
2026-07-16 13:01:54 [INFO] [227027] [227033] [time_logger.h:32] Group TaskTrack start
2026-07-16 13:01:54 [INFO] [227027] [227035] [time_logger.h:39] Group HcclOpInfo end, cost time = 0 ms
2026-07-16 13:01:54 [INFO] [227027] [227036] [time_logger.h:39] Group NodeAttrInfo end, cost time = 0 ms
2026-07-16 13:01:54 [INFO] [227027] [227037] [time_logger.h:39] Group TensorInfo end, cost time = 0 ms
2026-07-16 13:01:54 [INFO] [227027] [227034] [time_logger.h:39] Group HcclInfo end, cost time = 0 ms
2026-07-16 13:01:54 [INFO] [227027] [227032] [time_logger.h:39] Group ContextId end, cost time = 0 ms
2026-07-16 13:01:54 [INFO] [227027] [227038] [time_logger.h:39] Group Kernel end, cost time = 0 ms
2026-07-16 13:01:54 [INFO] [227027] [227033] [time_logger.h:39] Group TaskTrack end, cost time = 0 ms
2026-07-16 13:01:54 [INFO] [227027] [227027] [event_grouper.cpp:127] After group events, Kernel: 921, GraphId: 0, FusionOp: 0, NodeBasic: 0, NodeAttr: 0, Tensor: 0, ContextId: 100, HcclInfo: 0, TaskTrack: 601, HcclOpInfo: 0, thread: 226375
2026-07-16 13:01:54 [INFO] [227027] [227027] [event_grouper.cpp:127] After group events, Kernel: 1, GraphId: 0, FusionOp: 0, NodeBasic: 0, NodeAttr: 0, Tensor: 0, ContextId: 0, HcclInfo: 0, TaskTrack: 0, HcclOpInfo: 0, thread: 226498
2026-07-16 13:01:54 [INFO] [227027] [227027] [time_logger.h:39] Group all events end, cost time = 0 ms
2026-07-16 13:01:54 [INFO] [227027] [227040] [time_logger.h:32] Dump api data start start
2026-07-16 13:01:54 [INFO] [227027] [227039] [time_logger.h:32] Dump flip tasks data start start
2026-07-16 13:01:54 [INFO] [227027] [227041] [time_logger.h:32] Multi thread build tree start
2026-07-16 13:01:54 [INFO] [227027] [227039] [db_runner.cpp:53] Start create HostTaskFlip
2026-07-16 13:01:54 [INFO] [227027] [227042] [time_logger.h:32] Dump model name data start start
2026-07-16 13:01:54 [INFO] [227027] [227040] [db_runner.cpp:53] Start create ApiData
2026-07-16 13:01:54 [WARN] [227027] [227042] [base_dumper.h:42] Input data is empty, pass dump
2026-07-16 13:01:54 [INFO] [227027] [227042] [time_logger.h:39] Dump model name data start end, cost time = 0 ms
2026-07-16 13:01:54 [INFO] [227027] [227058] [host_trace_worker.cpp:69] Start multi thread build tree, threadId = 226375
2026-07-16 13:01:54 [INFO] [227027] [227050] [host_trace_worker.cpp:69] Start multi thread build tree, threadId = 226498
2026-07-16 13:01:54 [INFO] [227027] [227050] [event_queue.cpp:72] EventQueue for thread 226498 is empty
2026-07-16 13:01:54 [INFO] [227027] [227050] [event_queue.cpp:72] EventQueue for thread 226498 is empty
2026-07-16 13:01:54 [INFO] [227027] [227039] [db_runner.cpp:66] create HostTaskFlip success
2026-07-16 13:01:54 [INFO] [227027] [227040] [db_runner.cpp:66] create ApiData success
2026-07-16 13:01:54 [INFO] [227027] [227039] [db_runner.h:61] Start insert data to HostTaskFlip
2026-07-16 13:01:54 [WARN] [227027] [227061] [tree_builder.cpp:192] No Events, event type: 8, threadId = 226498
2026-07-16 13:01:54 [WARN] [227027] [227059] [tree_builder.cpp:192] No Events, event type: 2, threadId = 226498
2026-07-16 13:01:54 [WARN] [227027] [227060] [tree_builder.cpp:192] No Events, event type: 6, threadId = 226498
2026-07-16 13:01:54 [WARN] [227027] [227059] [tree_builder.cpp:192] No Events, event type: 3, threadId = 226498
2026-07-16 13:01:54 [WARN] [227027] [227060] [tree_builder.cpp:192] No Events, event type: 5, threadId = 226498
2026-07-16 13:01:54 [WARN] [227027] [227059] [tree_builder.cpp:192] No Events, event type: 4, threadId = 226498
2026-07-16 13:01:54 [WARN] [227027] [227059] [tree_builder.cpp:192] No Events, event type: 6, threadId = 226498
2026-07-16 13:01:54 [WARN] [227027] [227059] [tree_builder.cpp:192] No Events, event type: 10, threadId = 226498
2026-07-16 13:01:54 [INFO] [227027] [227058] [event_queue.cpp:72] EventQueue for thread 226375 is empty
2026-07-16 13:01:54 [INFO] [227027] [227050] [tree_builder.cpp:268] TaskTrack Events have been processed, threadId = 226498
2026-07-16 13:01:54 [INFO] [227027] [227058] [event_queue.cpp:72] EventQueue for thread 226375 is empty
2026-07-16 13:01:54 [INFO] [227027] [227039] [db_runner.h:72] insert data to HostTaskFlip success
2026-07-16 13:01:54 [INFO] [227027] [227050] [tree_builder.cpp:73] Build Tree End, ThreadId = 226498
2026-07-16 13:01:54 [INFO] [227027] [227050] [host_trace_worker.cpp:79] Multi thread build tree done, threadId = 226498
2026-07-16 13:01:54 [INFO] [227027] [227039] [base_dumper.h:56] Dump HostTaskFlip data success
2026-07-16 13:01:54 [INFO] [227027] [227039] [time_logger.h:39] Dump flip tasks data start end, cost time = 0 ms
2026-07-16 13:01:54 [INFO] [227027] [227040] [db_runner.h:61] Start insert data to ApiData
2026-07-16 13:01:54 [WARN] [227027] [227062] [tree_builder.cpp:192] No Events, event type: 8, threadId = 226375
2026-07-16 13:01:54 [WARN] [227027] [227062] [tree_builder.cpp:192] No Events, event type: 6, threadId = 226375
2026-07-16 05:01:54 [WARN] [227027] [227063] [tree_builder.cpp:192] No Events, event type: 2, threadId = 226375
2026-07-16 13:01:54 [WARN] [227027] [227062] [tree_builder.cpp:192] No Events, event type: 5, threadId = 226375
2026-07-16 13:01:54 [WARN] [227027] [227063] [tree_builder.cpp:192] No Events, event type: 3, threadId = 226375
2026-07-16 13:01:54 [WARN] [227027] [227063] [tree_builder.cpp:192] No Events, event type: 4, threadId = 226375
2026-07-16 13:01:54 [INFO] [227027] [227063] [tree_builder.cpp:234] Add LevelEvents done, threadId = 226375, event type: 6, matchCnt = 100, mismatchCnt = 0 
2026-07-16 13:01:54 [WARN] [227027] [227063] [tree_builder.cpp:192] No Events, event type: 10, threadId = 226375
2026-07-16 13:01:54 [INFO] [227027] [227058] [tree_builder.cpp:73] Build Tree End, ThreadId = 226375
2026-07-16 13:01:54 [INFO] [227027] [227058] [host_trace_worker.cpp:79] Multi thread build tree done, threadId = 226375
2026-07-16 13:01:54 [INFO] [227027] [227041] [time_logger.h:39] Multi thread build tree end, cost time = 1 ms
2026-07-16 13:01:54 [INFO] [227027] [227041] [time_logger.h:32] Multi thread analyze tree and dump data start
2026-07-16 13:01:54 [INFO] [227027] [227065] [host_trace_worker.cpp:95] Start analyze tree and dump data, threadId = 226498
2026-07-16 13:01:54 [INFO] [227027] [227065] [time_logger.h:32] Dump CANN data start
2026-07-16 13:01:54 [INFO] [227027] [227066] [host_trace_worker.cpp:95] Start analyze tree and dump data, threadId = 226375
2026-07-16 13:01:54 [INFO] [227027] [227040] [db_runner.h:72] insert data to ApiData success
2026-07-16 13:01:54 [INFO] [227027] [227040] [base_dumper.h:56] Dump ApiData data success
2026-07-16 13:01:54 [INFO] [227027] [227076] [cann_trace_db_dumper.cpp:148] Empty hccl OPs
2026-07-16 13:01:54 [INFO] [227027] [227075] [cann_trace_db_dumper.cpp:181] Empty host tasks
2026-07-16 13:01:54 [INFO] [227027] [227078] [cann_trace_db_dumper.cpp:217] Empty kernel tasks
2026-07-16 13:01:54 [INFO] [227027] [227077] [cann_trace_db_dumper.cpp:449] Empty geFusionOps
2026-07-16 13:01:54 [INFO] [227027] [227076] [cann_trace_db_dumper.cpp:396] Empty hccl tasks
2026-07-16 13:01:54 [INFO] [227027] [227065] [time_logger.h:39] Dump CANN data end, cost time = 0 ms
2026-07-16 13:01:54 [INFO] [227027] [227065] [host_trace_worker.cpp:103] Dump cann trace data done, threadId = 226498
2026-07-16 13:01:54 [INFO] [227027] [227040] [time_logger.h:39] Dump api data start end, cost time = 1 ms
2026-07-16 13:01:54 [INFO] [227027] [227066] [time_logger.h:32] Dump CANN data start
2026-07-16 13:01:54 [INFO] [227027] [227079] [cann_trace_db_dumper.cpp:148] Empty hccl OPs
2026-07-16 13:01:54 [INFO] [227027] [227079] [cann_trace_db_dumper.cpp:396] Empty hccl tasks
2026-07-16 13:01:54 [INFO] [227027] [227082] [cann_trace_db_dumper.cpp:449] Empty geFusionOps
2026-07-16 13:01:54 [INFO] [227027] [227080] [time_logger.h:32] DumpOpDesc Start start
2026-07-16 13:01:54 [INFO] [227027] [227081] [time_logger.h:32] Dump host tasks start
2026-07-16 13:01:54 [INFO] [227027] [227080] [db_runner.cpp:53] Start create TaskInfo
2026-07-16 13:01:54 [INFO] [227027] [227081] [db_runner.cpp:53] Start create HostTask
2026-07-16 13:01:54 [INFO] [227027] [227081] [db_runner.cpp:66] create HostTask success
2026-07-16 13:01:54 [INFO] [227027] [227080] [db_runner.cpp:66] create TaskInfo success
2026-07-16 13:01:54 [INFO] [227027] [227081] [db_runner.h:61] Start insert data to HostTask
2026-07-16 13:01:54 [WARN] [227027] [227080] [cann_trace_db_dumper.cpp:319] Can't get task's kernel name, streamId is 43, taskId is 0, batch id is 0, timestamp is 8313139940303.
2026-07-16 13:01:54 [INFO] [227027] [227080] [db_runner.h:61] Start insert data to TaskInfo
2026-07-16 13:01:54 [INFO] [227027] [227080] [db_runner.h:72] insert data to TaskInfo success
2026-07-16 13:01:54 [INFO] [227027] [227080] [time_logger.h:39] DumpOpDesc Start end, cost time = 1 ms
2026-07-16 13:01:54 [INFO] [227027] [227081] [db_runner.h:72] insert data to HostTask success
2026-07-16 13:01:54 [INFO] [227027] [227081] [time_logger.h:39] Dump host tasks end, cost time = 2 ms
2026-07-16 13:01:54 [INFO] [227027] [227066] [time_logger.h:39] Dump CANN data end, cost time = 2 ms
2026-07-16 13:01:54 [INFO] [227027] [227066] [host_trace_worker.cpp:103] Dump cann trace data done, threadId = 226375
2026-07-16 13:01:54 [INFO] [227027] [227041] [time_logger.h:39] Multi thread analyze tree and dump data end, cost time = 3 ms
2026-07-16 13:01:54 [INFO] [227027] [227027] [time_logger.h:32] Dump memcpy info data start start
2026-07-16 13:01:54 [WARN] [227027] [227027] [base_dumper.h:42] Input data is empty, pass dump
2026-07-16 13:01:54 [INFO] [227027] [227027] [time_logger.h:39] Dump memcpy info data start end, cost time = 0 ms
2026-07-16 13:01:54 [INFO] [227027] [227027] [time_logger.h:39] HostTraceWorker end, cost time = 6 ms
