2026-07-16 09:24:09 [INFO] [25980] [25980] [kernel_parser_worker.cpp:46] Start run KernelParserWorker
2026-07-16 09:24:09 [INFO] [25980] [25983] [kernel_parser_worker.cpp:58] Start parse hash data
2026-07-16 09:24:09 [INFO] [25980] [25983] [kernel_parser_worker.cpp:78] Hash data load from path: /mnt/workspace/cannbot_ascendc_vs_pypto/operators/mul/reports/raw/pypto_b32/PROF_000001_20260716092401698_00025396DHKKHIBK/host/data
2026-07-16 01:24:09 [INFO] [25980] [25982] [kernel_parser_worker.cpp:62] Start parse type info data
2026-07-16 09:24:09 [INFO] [25980] [25982] [kernel_parser_worker.cpp:100] Typeinfo data load from path: /mnt/workspace/cannbot_ascendc_vs_pypto/operators/mul/reports/raw/pypto_b32/PROF_000001_20260716092401698_00025396DHKKHIBK/host/data
2026-07-16 09:24:09 [INFO] [25980] [25983] [kernel_parser_worker.cpp:80] Start load runtime op info data
2026-07-16 09:24:09 [INFO] [25980] [25983] [kernel_parser_worker.cpp:83] success get hash data
2026-07-16 09:24:09 [INFO] [25980] [25983] [kernel_parser_worker.cpp:90] success get hashDbDumper
2026-07-16 09:24:09 [INFO] [25980] [25983] [db_runner.cpp:53] Start create GeHashInfo
2026-07-16 09:24:09 [INFO] [25980] [25983] [db_runner.cpp:66] create GeHashInfo success
2026-07-16 09:24:09 [INFO] [25980] [25983] [db_runner.h:61] Start insert data to GeHashInfo
2026-07-16 09:24:09 [INFO] [25980] [25983] [db_runner.h:72] insert data to GeHashInfo success
2026-07-16 09:24:09 [INFO] [25980] [25982] [db_runner.cpp:53] Start create TypeHashInfo
2026-07-16 09:24:09 [INFO] [25980] [25983] [base_dumper.h:56] Dump GeHashInfo data success
2026-07-16 09:24:09 [INFO] [25980] [25982] [db_runner.cpp:66] create TypeHashInfo success
2026-07-16 09:24:09 [INFO] [25980] [25982] [db_runner.h:61] Start insert data to TypeHashInfo
2026-07-16 09:24:09 [INFO] [25980] [25982] [db_runner.h:72] insert data to TypeHashInfo success
2026-07-16 09:24:09 [INFO] [25980] [25982] [base_dumper.h:56] Dump TypeHashInfo data success
2026-07-16 09:24:09 [INFO] [25980] [25980] [time_logger.h:32] HostTraceWorker start
2026-07-16 09:24:09 [INFO] [25980] [25980] [time_logger.h:32] Group all events start
2026-07-16 09:24:09 [INFO] [25980] [25985] [time_logger.h:32] Group Kernel start
2026-07-16 09:24:09 [INFO] [25980] [25984] [time_logger.h:32] Group GraphIdMap start
2026-07-16 09:24:09 [INFO] [25980] [25987] [time_logger.h:32] Group FusionOpInfo start
2026-07-16 09:24:09 [INFO] [25980] [25986] [time_logger.h:32] Group NodeBasicInfo start
2026-07-16 09:24:09 [INFO] [25980] [25989] [time_logger.h:32] Group NodeAttrInfo start
2026-07-16 09:24:09 [INFO] [25980] [25984] [time_logger.h:39] Group GraphIdMap end, cost time = 0 ms
2026-07-16 09:24:09 [INFO] [25980] [25990] [time_logger.h:32] Group TensorInfo start
2026-07-16 09:24:09 [INFO] [25980] [25987] [time_logger.h:39] Group FusionOpInfo end, cost time = 0 ms
2026-07-16 09:24:09 [INFO] [25980] [25989] [time_logger.h:39] Group NodeAttrInfo end, cost time = 0 ms
2026-07-16 09:24:09 [INFO] [25980] [25986] [time_logger.h:39] Group NodeBasicInfo end, cost time = 0 ms
2026-07-16 09:24:09 [INFO] [25980] [25987] [time_logger.h:32] Group TaskTrack start
2026-07-16 09:24:09 [INFO] [25980] [25984] [time_logger.h:32] Group HcclInfo start
2026-07-16 09:24:09 [INFO] [25980] [25991] [time_logger.h:32] Group ContextId start
2026-07-16 09:24:09 [INFO] [25980] [25988] [time_logger.h:32] Group HcclOpInfo start
2026-07-16 09:24:09 [INFO] [25980] [25984] [time_logger.h:39] Group HcclInfo end, cost time = 0 ms
2026-07-16 09:24:09 [INFO] [25980] [25990] [time_logger.h:39] Group TensorInfo end, cost time = 0 ms
2026-07-16 09:24:09 [INFO] [25980] [25988] [time_logger.h:39] Group HcclOpInfo end, cost time = 0 ms
2026-07-16 09:24:09 [INFO] [25980] [25991] [time_logger.h:39] Group ContextId end, cost time = 0 ms
2026-07-16 09:24:09 [INFO] [25980] [25985] [time_logger.h:39] Group Kernel end, cost time = 0 ms
2026-07-16 09:24:09 [INFO] [25980] [25987] [time_logger.h:39] Group TaskTrack end, cost time = 0 ms
2026-07-16 09:24:09 [INFO] [25980] [25980] [event_grouper.cpp:127] After group events, Kernel: 925, GraphId: 0, FusionOp: 0, NodeBasic: 0, NodeAttr: 0, Tensor: 0, ContextId: 100, HcclInfo: 0, TaskTrack: 604, HcclOpInfo: 0, thread: 25396
2026-07-16 09:24:09 [INFO] [25980] [25980] [event_grouper.cpp:127] After group events, Kernel: 1, GraphId: 0, FusionOp: 0, NodeBasic: 0, NodeAttr: 0, Tensor: 0, ContextId: 0, HcclInfo: 0, TaskTrack: 0, HcclOpInfo: 0, thread: 25493
2026-07-16 09:24:09 [INFO] [25980] [25980] [time_logger.h:39] Group all events end, cost time = 0 ms
2026-07-16 09:24:09 [INFO] [25980] [25993] [time_logger.h:32] Dump api data start start
2026-07-16 09:24:09 [INFO] [25980] [25994] [time_logger.h:32] Multi thread build tree start
2026-07-16 09:24:09 [INFO] [25980] [25992] [time_logger.h:32] Dump flip tasks data start start
2026-07-16 09:24:09 [INFO] [25980] [25995] [time_logger.h:32] Dump model name data start start
2026-07-16 09:24:09 [INFO] [25980] [25992] [db_runner.cpp:53] Start create HostTaskFlip
2026-07-16 09:24:09 [INFO] [25980] [25993] [db_runner.cpp:53] Start create ApiData
2026-07-16 09:24:09 [WARN] [25980] [25995] [base_dumper.h:42] Input data is empty, pass dump
2026-07-16 09:24:09 [INFO] [25980] [25995] [time_logger.h:39] Dump model name data start end, cost time = 0 ms
2026-07-16 09:24:09 [INFO] [25980] [26003] [host_trace_worker.cpp:69] Start multi thread build tree, threadId = 25396
2026-07-16 09:24:09 [INFO] [25980] [26002] [host_trace_worker.cpp:69] Start multi thread build tree, threadId = 25493
2026-07-16 09:24:09 [INFO] [25980] [26002] [event_queue.cpp:72] EventQueue for thread 25493 is empty
2026-07-16 09:24:09 [INFO] [25980] [26002] [event_queue.cpp:72] EventQueue for thread 25493 is empty
2026-07-16 09:24:09 [INFO] [25980] [25992] [db_runner.cpp:66] create HostTaskFlip success
2026-07-16 09:24:09 [INFO] [25980] [25993] [db_runner.cpp:66] create ApiData success
2026-07-16 09:24:09 [INFO] [25980] [25992] [db_runner.h:61] Start insert data to HostTaskFlip
2026-07-16 09:24:09 [WARN] [25980] [26012] [tree_builder.cpp:192] No Events, event type: 8, threadId = 25493
2026-07-16 09:24:09 [WARN] [25980] [26013] [tree_builder.cpp:192] No Events, event type: 2, threadId = 25493
2026-07-16 09:24:09 [WARN] [25980] [26014] [tree_builder.cpp:192] No Events, event type: 6, threadId = 25493
2026-07-16 09:24:09 [WARN] [25980] [26013] [tree_builder.cpp:192] No Events, event type: 3, threadId = 25493
2026-07-16 09:24:09 [WARN] [25980] [26014] [tree_builder.cpp:192] No Events, event type: 5, threadId = 25493
2026-07-16 09:24:09 [WARN] [25980] [26013] [tree_builder.cpp:192] No Events, event type: 4, threadId = 25493
2026-07-16 09:24:09 [WARN] [25980] [26013] [tree_builder.cpp:192] No Events, event type: 6, threadId = 25493
2026-07-16 09:24:09 [WARN] [25980] [26013] [tree_builder.cpp:192] No Events, event type: 10, threadId = 25493
2026-07-16 09:24:09 [INFO] [25980] [26002] [tree_builder.cpp:268] TaskTrack Events have been processed, threadId = 25493
2026-07-16 09:24:09 [INFO] [25980] [26002] [tree_builder.cpp:73] Build Tree End, ThreadId = 25493
2026-07-16 09:24:09 [INFO] [25980] [26002] [host_trace_worker.cpp:79] Multi thread build tree done, threadId = 25493
2026-07-16 09:24:09 [INFO] [25980] [26003] [event_queue.cpp:72] EventQueue for thread 25396 is empty
2026-07-16 09:24:09 [INFO] [25980] [26003] [event_queue.cpp:72] EventQueue for thread 25396 is empty
2026-07-16 09:24:09 [INFO] [25980] [25992] [db_runner.h:72] insert data to HostTaskFlip success
2026-07-16 09:24:09 [INFO] [25980] [25992] [base_dumper.h:56] Dump HostTaskFlip data success
2026-07-16 09:24:09 [INFO] [25980] [25992] [time_logger.h:39] Dump flip tasks data start end, cost time = 0 ms
2026-07-16 09:24:09 [WARN] [25980] [26015] [tree_builder.cpp:192] No Events, event type: 8, threadId = 25396
2026-07-16 09:24:09 [WARN] [25980] [26015] [tree_builder.cpp:192] No Events, event type: 6, threadId = 25396
2026-07-16 09:24:09 [WARN] [25980] [26015] [tree_builder.cpp:192] No Events, event type: 5, threadId = 25396
2026-07-16 09:24:09 [WARN] [25980] [26017] [tree_builder.cpp:192] No Events, event type: 2, threadId = 25396
2026-07-16 09:24:09 [WARN] [25980] [26017] [tree_builder.cpp:192] No Events, event type: 3, threadId = 25396
2026-07-16 09:24:09 [WARN] [25980] [26017] [tree_builder.cpp:192] No Events, event type: 4, threadId = 25396
2026-07-16 09:24:09 [INFO] [25980] [25993] [db_runner.h:61] Start insert data to ApiData
2026-07-16 09:24:09 [INFO] [25980] [26017] [tree_builder.cpp:234] Add LevelEvents done, threadId = 25396, event type: 6, matchCnt = 100, mismatchCnt = 0 
2026-07-16 09:24:09 [WARN] [25980] [26017] [tree_builder.cpp:192] No Events, event type: 10, threadId = 25396
2026-07-16 09:24:09 [INFO] [25980] [26003] [tree_builder.cpp:73] Build Tree End, ThreadId = 25396
2026-07-16 09:24:09 [INFO] [25980] [26003] [host_trace_worker.cpp:79] Multi thread build tree done, threadId = 25396
2026-07-16 09:24:09 [INFO] [25980] [25994] [time_logger.h:39] Multi thread build tree end, cost time = 1 ms
2026-07-16 09:24:09 [INFO] [25980] [25994] [time_logger.h:32] Multi thread analyze tree and dump data start
2026-07-16 09:24:09 [INFO] [25980] [26018] [host_trace_worker.cpp:95] Start analyze tree and dump data, threadId = 25493
2026-07-16 09:24:09 [INFO] [25980] [26019] [host_trace_worker.cpp:95] Start analyze tree and dump data, threadId = 25396
2026-07-16 09:24:09 [INFO] [25980] [26018] [time_logger.h:32] Dump CANN data start
2026-07-16 09:24:09 [INFO] [25980] [25993] [db_runner.h:72] insert data to ApiData success
2026-07-16 09:24:09 [INFO] [25980] [26028] [cann_trace_db_dumper.cpp:148] Empty hccl OPs
2026-07-16 09:24:09 [INFO] [25980] [26030] [cann_trace_db_dumper.cpp:181] Empty host tasks
2026-07-16 09:24:09 [INFO] [25980] [26031] [cann_trace_db_dumper.cpp:449] Empty geFusionOps
2026-07-16 09:24:09 [INFO] [25980] [26028] [cann_trace_db_dumper.cpp:396] Empty hccl tasks
2026-07-16 09:24:09 [INFO] [25980] [25993] [base_dumper.h:56] Dump ApiData data success
2026-07-16 09:24:09 [INFO] [25980] [26029] [cann_trace_db_dumper.cpp:217] Empty kernel tasks
2026-07-16 09:24:09 [INFO] [25980] [26018] [time_logger.h:39] Dump CANN data end, cost time = 0 ms
2026-07-16 09:24:09 [INFO] [25980] [26018] [host_trace_worker.cpp:103] Dump cann trace data done, threadId = 25493
2026-07-16 09:24:09 [INFO] [25980] [25993] [time_logger.h:39] Dump api data start end, cost time = 1 ms
2026-07-16 09:24:09 [INFO] [25980] [26019] [time_logger.h:32] Dump CANN data start
2026-07-16 09:24:09 [INFO] [25980] [26035] [cann_trace_db_dumper.cpp:148] Empty hccl OPs
2026-07-16 09:24:09 [INFO] [25980] [26035] [cann_trace_db_dumper.cpp:396] Empty hccl tasks
2026-07-16 09:24:09 [INFO] [25980] [26035] [cann_trace_db_dumper.cpp:449] Empty geFusionOps
2026-07-16 09:24:09 [INFO] [25980] [26032] [time_logger.h:32] DumpOpDesc Start start
2026-07-16 09:24:09 [INFO] [25980] [26032] [db_runner.cpp:53] Start create TaskInfo
2026-07-16 09:24:09 [INFO] [25980] [26033] [time_logger.h:32] Dump host tasks start
2026-07-16 09:24:09 [INFO] [25980] [26033] [db_runner.cpp:53] Start create HostTask
2026-07-16 09:24:09 [INFO] [25980] [26032] [db_runner.cpp:66] create TaskInfo success
2026-07-16 09:24:09 [INFO] [25980] [26033] [db_runner.cpp:66] create HostTask success
2026-07-16 09:24:09 [WARN] [25980] [26032] [cann_trace_db_dumper.cpp:319] Can't get task's kernel name, streamId is 43, taskId is 0, batch id is 0, timestamp is 7006627226169.
2026-07-16 09:24:09 [INFO] [25980] [26032] [db_runner.h:61] Start insert data to TaskInfo
2026-07-16 09:24:09 [INFO] [25980] [26033] [db_runner.h:61] Start insert data to HostTask
2026-07-16 09:24:09 [INFO] [25980] [26032] [db_runner.h:72] insert data to TaskInfo success
2026-07-16 09:24:09 [INFO] [25980] [26032] [time_logger.h:39] DumpOpDesc Start end, cost time = 1 ms
2026-07-16 09:24:09 [INFO] [25980] [26033] [db_runner.h:72] insert data to HostTask success
2026-07-16 09:24:09 [INFO] [25980] [26033] [time_logger.h:39] Dump host tasks end, cost time = 1 ms
2026-07-16 09:24:09 [INFO] [25980] [26019] [time_logger.h:39] Dump CANN data end, cost time = 2 ms
2026-07-16 09:24:09 [INFO] [25980] [26019] [host_trace_worker.cpp:103] Dump cann trace data done, threadId = 25396
2026-07-16 09:24:09 [INFO] [25980] [25994] [time_logger.h:39] Multi thread analyze tree and dump data end, cost time = 3 ms
2026-07-16 09:24:09 [INFO] [25980] [25980] [time_logger.h:32] Dump memcpy info data start start
2026-07-16 09:24:09 [WARN] [25980] [25980] [base_dumper.h:42] Input data is empty, pass dump
2026-07-16 09:24:09 [INFO] [25980] [25980] [time_logger.h:39] Dump memcpy info data start end, cost time = 0 ms
2026-07-16 09:24:09 [INFO] [25980] [25980] [time_logger.h:39] HostTraceWorker end, cost time = 6 ms
