2026-07-16 11:27:20 [INFO] [174849] [174849] [kernel_parser_worker.cpp:46] Start run KernelParserWorker
2026-07-16 11:27:20 [INFO] [174849] [174851] [kernel_parser_worker.cpp:58] Start parse hash data
2026-07-16 11:27:20 [INFO] [174849] [174851] [kernel_parser_worker.cpp:78] Hash data load from path: /mnt/workspace/cannbot_ascendc_vs_pypto/operators/div/reports/raw/torch_b32/PROF_000001_20260716112713520_00174725DMHDJHQR/host/data
2026-07-16 11:27:20 [INFO] [174849] [174850] [kernel_parser_worker.cpp:62] Start parse type info data
2026-07-16 11:27:20 [INFO] [174849] [174850] [kernel_parser_worker.cpp:100] Typeinfo data load from path: /mnt/workspace/cannbot_ascendc_vs_pypto/operators/div/reports/raw/torch_b32/PROF_000001_20260716112713520_00174725DMHDJHQR/host/data
2026-07-16 11:27:20 [INFO] [174849] [174851] [kernel_parser_worker.cpp:80] Start load runtime op info data
2026-07-16 11:27:20 [INFO] [174849] [174851] [kernel_parser_worker.cpp:83] success get hash data
2026-07-16 11:27:20 [INFO] [174849] [174851] [kernel_parser_worker.cpp:90] success get hashDbDumper
2026-07-16 11:27:20 [INFO] [174849] [174851] [db_runner.cpp:53] Start create GeHashInfo
2026-07-16 11:27:20 [INFO] [174849] [174851] [db_runner.cpp:66] create GeHashInfo success
2026-07-16 11:27:20 [INFO] [174849] [174851] [db_runner.h:61] Start insert data to GeHashInfo
2026-07-16 11:27:20 [INFO] [174849] [174850] [db_runner.cpp:53] Start create TypeHashInfo
2026-07-16 11:27:20 [INFO] [174849] [174851] [db_runner.h:72] insert data to GeHashInfo success
2026-07-16 11:27:20 [INFO] [174849] [174851] [base_dumper.h:56] Dump GeHashInfo data success
2026-07-16 11:27:20 [INFO] [174849] [174850] [db_runner.cpp:66] create TypeHashInfo success
2026-07-16 11:27:20 [INFO] [174849] [174850] [db_runner.h:61] Start insert data to TypeHashInfo
2026-07-16 11:27:20 [INFO] [174849] [174850] [db_runner.h:72] insert data to TypeHashInfo success
2026-07-16 11:27:20 [INFO] [174849] [174850] [base_dumper.h:56] Dump TypeHashInfo data success
2026-07-16 11:27:20 [INFO] [174849] [174849] [time_logger.h:32] HostTraceWorker start
2026-07-16 11:27:20 [INFO] [174849] [174849] [time_logger.h:32] Group all events start
2026-07-16 11:27:20 [INFO] [174849] [174854] [time_logger.h:32] Group Kernel start
2026-07-16 11:27:20 [INFO] [174849] [174853] [time_logger.h:32] Group GraphIdMap start
2026-07-16 11:27:20 [INFO] [174849] [174855] [time_logger.h:32] Group FusionOpInfo start
2026-07-16 11:27:20 [INFO] [174849] [174857] [time_logger.h:32] Group NodeBasicInfo start
2026-07-16 11:27:20 [INFO] [174849] [174858] [time_logger.h:32] Group NodeAttrInfo start
2026-07-16 11:27:20 [INFO] [174849] [174853] [time_logger.h:39] Group GraphIdMap end, cost time = 0 ms
2026-07-16 11:27:20 [INFO] [174849] [174859] [time_logger.h:32] Group TensorInfo start
2026-07-16 11:27:20 [INFO] [174849] [174855] [time_logger.h:39] Group FusionOpInfo end, cost time = 0 ms
2026-07-16 11:27:20 [INFO] [174849] [174860] [time_logger.h:32] Group ContextId start
2026-07-16 11:27:20 [INFO] [174849] [174857] [time_logger.h:39] Group NodeBasicInfo end, cost time = 0 ms
2026-07-16 11:27:20 [INFO] [174849] [174858] [time_logger.h:39] Group NodeAttrInfo end, cost time = 0 ms
2026-07-16 11:27:20 [INFO] [174849] [174859] [time_logger.h:39] Group TensorInfo end, cost time = 0 ms
2026-07-16 11:27:20 [INFO] [174849] [174853] [time_logger.h:32] Group TaskTrack start
2026-07-16 11:27:20 [INFO] [174849] [174856] [time_logger.h:32] Group HcclInfo start
2026-07-16 11:27:20 [INFO] [174849] [174857] [time_logger.h:32] Group HcclOpInfo start
2026-07-16 11:27:20 [INFO] [174849] [174860] [time_logger.h:39] Group ContextId end, cost time = 0 ms
2026-07-16 11:27:20 [INFO] [174849] [174857] [time_logger.h:39] Group HcclOpInfo end, cost time = 0 ms
2026-07-16 11:27:20 [INFO] [174849] [174856] [time_logger.h:39] Group HcclInfo end, cost time = 0 ms
2026-07-16 11:27:20 [INFO] [174849] [174853] [time_logger.h:39] Group TaskTrack end, cost time = 2 ms
2026-07-16 11:27:20 [INFO] [174849] [174854] [time_logger.h:39] Group Kernel end, cost time = 8 ms
2026-07-16 11:27:20 [INFO] [174849] [174849] [event_grouper.cpp:127] After group events, Kernel: 247, GraphId: 0, FusionOp: 0, NodeBasic: 0, NodeAttr: 0, Tensor: 0, ContextId: 0, HcclInfo: 0, TaskTrack: 3, HcclOpInfo: 0, thread: 174725
2026-07-16 11:27:20 [INFO] [174849] [174849] [event_grouper.cpp:127] After group events, Kernel: 8521, GraphId: 0, FusionOp: 0, NodeBasic: 0, NodeAttr: 0, Tensor: 0, ContextId: 0, HcclInfo: 0, TaskTrack: 4260, HcclOpInfo: 0, thread: 174822
2026-07-16 11:27:20 [INFO] [174849] [174849] [time_logger.h:39] Group all events end, cost time = 8 ms
2026-07-16 11:27:20 [INFO] [174849] [174870] [time_logger.h:32] Dump api data start start
2026-07-16 11:27:20 [INFO] [174849] [174862] [time_logger.h:32] Dump flip tasks data start start
2026-07-16 11:27:20 [INFO] [174849] [174863] [time_logger.h:32] Dump model name data start start
2026-07-16 11:27:20 [INFO] [174849] [174864] [time_logger.h:32] Multi thread build tree start
2026-07-16 11:27:20 [INFO] [174849] [174862] [db_runner.cpp:53] Start create HostTaskFlip
2026-07-16 11:27:20 [WARN] [174849] [174863] [base_dumper.h:42] Input data is empty, pass dump
2026-07-16 11:27:20 [INFO] [174849] [174863] [time_logger.h:39] Dump model name data start end, cost time = 0 ms
2026-07-16 11:27:20 [INFO] [174849] [174880] [host_trace_worker.cpp:69] Start multi thread build tree, threadId = 174725
2026-07-16 11:27:20 [INFO] [174849] [174872] [host_trace_worker.cpp:69] Start multi thread build tree, threadId = 174822
2026-07-16 11:27:20 [INFO] [174849] [174862] [db_runner.cpp:66] create HostTaskFlip success
2026-07-16 11:27:20 [INFO] [174849] [174862] [db_runner.h:61] Start insert data to HostTaskFlip
2026-07-16 11:27:20 [INFO] [174849] [174880] [event_queue.cpp:72] EventQueue for thread 174725 is empty
2026-07-16 11:27:20 [INFO] [174849] [174880] [event_queue.cpp:72] EventQueue for thread 174725 is empty
2026-07-16 11:27:20 [WARN] [174849] [174883] [tree_builder.cpp:192] No Events, event type: 8, threadId = 174725
2026-07-16 11:27:20 [WARN] [174849] [174883] [tree_builder.cpp:192] No Events, event type: 6, threadId = 174725
2026-07-16 11:27:20 [WARN] [174849] [174883] [tree_builder.cpp:192] No Events, event type: 5, threadId = 174725
2026-07-16 11:27:20 [INFO] [174849] [174862] [db_runner.h:72] insert data to HostTaskFlip success
2026-07-16 11:27:20 [WARN] [174849] [174881] [tree_builder.cpp:192] No Events, event type: 2, threadId = 174725
2026-07-16 11:27:20 [WARN] [174849] [174881] [tree_builder.cpp:192] No Events, event type: 3, threadId = 174725
2026-07-16 11:27:20 [INFO] [174849] [174862] [base_dumper.h:56] Dump HostTaskFlip data success
2026-07-16 11:27:20 [WARN] [174849] [174881] [tree_builder.cpp:192] No Events, event type: 4, threadId = 174725
2026-07-16 11:27:20 [INFO] [174849] [174862] [time_logger.h:39] Dump flip tasks data start end, cost time = 0 ms
2026-07-16 11:27:20 [WARN] [174849] [174881] [tree_builder.cpp:192] No Events, event type: 6, threadId = 174725
2026-07-16 11:27:20 [WARN] [174849] [174881] [tree_builder.cpp:192] No Events, event type: 10, threadId = 174725
2026-07-16 11:27:20 [INFO] [174849] [174880] [tree_builder.cpp:73] Build Tree End, ThreadId = 174725
2026-07-16 11:27:20 [INFO] [174849] [174880] [host_trace_worker.cpp:79] Multi thread build tree done, threadId = 174725
2026-07-16 11:27:20 [INFO] [174849] [174870] [db_runner.cpp:53] Start create ApiData
2026-07-16 11:27:20 [INFO] [174849] [174870] [db_runner.cpp:66] create ApiData success
2026-07-16 11:27:20 [INFO] [174849] [174872] [event_queue.cpp:72] EventQueue for thread 174822 is empty
2026-07-16 11:27:20 [INFO] [174849] [174872] [event_queue.cpp:72] EventQueue for thread 174822 is empty
2026-07-16 11:27:20 [WARN] [174849] [174884] [tree_builder.cpp:192] No Events, event type: 8, threadId = 174822
2026-07-16 11:27:20 [WARN] [174849] [174885] [tree_builder.cpp:192] No Events, event type: 2, threadId = 174822
2026-07-16 11:27:20 [WARN] [174849] [174886] [tree_builder.cpp:192] No Events, event type: 6, threadId = 174822
2026-07-16 11:27:20 [WARN] [174849] [174885] [tree_builder.cpp:192] No Events, event type: 3, threadId = 174822
2026-07-16 11:27:20 [WARN] [174849] [174886] [tree_builder.cpp:192] No Events, event type: 5, threadId = 174822
2026-07-16 11:27:20 [WARN] [174849] [174885] [tree_builder.cpp:192] No Events, event type: 4, threadId = 174822
2026-07-16 11:27:20 [WARN] [174849] [174885] [tree_builder.cpp:192] No Events, event type: 6, threadId = 174822
2026-07-16 11:27:20 [WARN] [174849] [174885] [tree_builder.cpp:192] No Events, event type: 10, threadId = 174822
2026-07-16 11:27:20 [INFO] [174849] [174870] [db_runner.h:61] Start insert data to ApiData
2026-07-16 11:27:20 [INFO] [174849] [174872] [tree_builder.cpp:73] Build Tree End, ThreadId = 174822
2026-07-16 11:27:20 [INFO] [174849] [174872] [host_trace_worker.cpp:79] Multi thread build tree done, threadId = 174822
2026-07-16 11:27:20 [INFO] [174849] [174864] [time_logger.h:39] Multi thread build tree end, cost time = 7 ms
2026-07-16 11:27:20 [INFO] [174849] [174864] [time_logger.h:32] Multi thread analyze tree and dump data start
2026-07-16 11:27:20 [INFO] [174849] [174887] [host_trace_worker.cpp:95] Start analyze tree and dump data, threadId = 174725
2026-07-16 11:27:20 [INFO] [174849] [174888] [host_trace_worker.cpp:95] Start analyze tree and dump data, threadId = 174822
2026-07-16 11:27:20 [INFO] [174849] [174887] [time_logger.h:32] Dump CANN data start
2026-07-16 11:27:20 [INFO] [174849] [174897] [cann_trace_db_dumper.cpp:148] Empty hccl OPs
2026-07-16 11:27:20 [INFO] [174849] [174897] [cann_trace_db_dumper.cpp:396] Empty hccl tasks
2026-07-16 11:27:20 [INFO] [174849] [174899] [time_logger.h:32] Dump host tasks start
2026-07-16 11:27:20 [INFO] [174849] [174897] [cann_trace_db_dumper.cpp:217] Empty kernel tasks
2026-07-16 11:27:20 [INFO] [174849] [174899] [db_runner.cpp:53] Start create HostTask
2026-07-16 11:27:20 [INFO] [174849] [174898] [cann_trace_db_dumper.cpp:449] Empty geFusionOps
2026-07-16 11:27:20 [INFO] [174849] [174899] [db_runner.cpp:66] create HostTask success
2026-07-16 11:27:20 [INFO] [174849] [174899] [db_runner.h:61] Start insert data to HostTask
2026-07-16 11:27:20 [INFO] [174849] [174899] [db_runner.h:72] insert data to HostTask success
2026-07-16 11:27:20 [INFO] [174849] [174899] [time_logger.h:39] Dump host tasks end, cost time = 0 ms
2026-07-16 11:27:20 [INFO] [174849] [174887] [time_logger.h:39] Dump CANN data end, cost time = 0 ms
2026-07-16 11:27:20 [INFO] [174849] [174887] [host_trace_worker.cpp:103] Dump cann trace data done, threadId = 174725
2026-07-16 11:27:20 [INFO] [174849] [174888] [time_logger.h:32] Dump CANN data start
2026-07-16 11:27:20 [INFO] [174849] [174901] [cann_trace_db_dumper.cpp:148] Empty hccl OPs
2026-07-16 11:27:20 [INFO] [174849] [174901] [cann_trace_db_dumper.cpp:396] Empty hccl tasks
2026-07-16 11:27:20 [INFO] [174849] [174904] [cann_trace_db_dumper.cpp:449] Empty geFusionOps
2026-07-16 11:27:20 [INFO] [174849] [174903] [time_logger.h:32] Dump host tasks start
2026-07-16 11:27:20 [INFO] [174849] [174903] [db_runner.cpp:53] Start create HostTask
2026-07-16 11:27:20 [INFO] [174849] [174902] [time_logger.h:32] DumpOpDesc Start start
2026-07-16 11:27:20 [INFO] [174849] [174902] [db_runner.cpp:53] Start create TaskInfo
2026-07-16 11:27:20 [INFO] [174849] [174903] [db_runner.cpp:66] create HostTask success
2026-07-16 11:27:20 [INFO] [174849] [174902] [db_runner.cpp:66] create TaskInfo success
2026-07-16 11:27:20 [INFO] [174849] [174902] [db_runner.h:61] Start insert data to TaskInfo
2026-07-16 11:27:20 [INFO] [174849] [174903] [db_runner.h:61] Start insert data to HostTask
2026-07-16 11:27:20 [INFO] [174849] [174903] [db_runner.h:72] insert data to HostTask success
2026-07-16 11:27:20 [INFO] [174849] [174903] [time_logger.h:39] Dump host tasks end, cost time = 7 ms
2026-07-16 11:27:20 [INFO] [174849] [174870] [db_runner.h:72] insert data to ApiData success
2026-07-16 11:27:20 [INFO] [174849] [174870] [base_dumper.h:56] Dump ApiData data success
2026-07-16 11:27:20 [INFO] [174849] [174902] [db_runner.h:72] insert data to TaskInfo success
2026-07-16 11:27:20 [INFO] [174849] [174902] [time_logger.h:39] DumpOpDesc Start end, cost time = 11 ms
2026-07-16 11:27:20 [INFO] [174849] [174888] [time_logger.h:39] Dump CANN data end, cost time = 12 ms
2026-07-16 11:27:20 [INFO] [174849] [174870] [time_logger.h:39] Dump api data start end, cost time = 26 ms
2026-07-16 11:27:20 [INFO] [174849] [174888] [host_trace_worker.cpp:103] Dump cann trace data done, threadId = 174822
2026-07-16 11:27:20 [INFO] [174849] [174864] [time_logger.h:39] Multi thread analyze tree and dump data end, cost time = 19 ms
2026-07-16 11:27:20 [INFO] [174849] [174849] [time_logger.h:32] Dump memcpy info data start start
2026-07-16 11:27:20 [WARN] [174849] [174849] [base_dumper.h:42] Input data is empty, pass dump
2026-07-16 11:27:20 [INFO] [174849] [174849] [time_logger.h:39] Dump memcpy info data start end, cost time = 0 ms
2026-07-16 11:27:20 [INFO] [174849] [174849] [time_logger.h:39] HostTraceWorker end, cost time = 37 ms
