2026-07-16 12:45:19 [INFO] [195460] [195460] [kernel_parser_worker.cpp:46] Start run KernelParserWorker
2026-07-16 12:45:19 [INFO] [195460] [195467] [kernel_parser_worker.cpp:58] Start parse hash data
2026-07-16 12:45:19 [INFO] [195460] [195467] [kernel_parser_worker.cpp:78] Hash data load from path: /mnt/workspace/cannbot_ascendc_vs_pypto/operators/add/reports/raw/torch_b64/PROF_000001_20260716124513290_00195296CPMRIBDM/host/data
2026-07-16 12:45:19 [INFO] [195460] [195466] [kernel_parser_worker.cpp:62] Start parse type info data
2026-07-16 12:45:19 [INFO] [195460] [195466] [kernel_parser_worker.cpp:100] Typeinfo data load from path: /mnt/workspace/cannbot_ascendc_vs_pypto/operators/add/reports/raw/torch_b64/PROF_000001_20260716124513290_00195296CPMRIBDM/host/data
2026-07-16 12:45:19 [INFO] [195460] [195467] [kernel_parser_worker.cpp:80] Start load runtime op info data
2026-07-16 12:45:19 [INFO] [195460] [195467] [kernel_parser_worker.cpp:83] success get hash data
2026-07-16 12:45:19 [INFO] [195460] [195467] [kernel_parser_worker.cpp:90] success get hashDbDumper
2026-07-16 12:45:19 [INFO] [195460] [195467] [db_runner.cpp:53] Start create GeHashInfo
2026-07-16 12:45:19 [INFO] [195460] [195467] [db_runner.cpp:66] create GeHashInfo success
2026-07-16 12:45:19 [INFO] [195460] [195467] [db_runner.h:61] Start insert data to GeHashInfo
2026-07-16 12:45:19 [INFO] [195460] [195467] [db_runner.h:72] insert data to GeHashInfo success
2026-07-16 12:45:19 [INFO] [195460] [195466] [db_runner.cpp:53] Start create TypeHashInfo
2026-07-16 12:45:19 [INFO] [195460] [195467] [base_dumper.h:56] Dump GeHashInfo data success
2026-07-16 12:45:19 [INFO] [195460] [195466] [db_runner.cpp:66] create TypeHashInfo success
2026-07-16 12:45:19 [INFO] [195460] [195466] [db_runner.h:61] Start insert data to TypeHashInfo
2026-07-16 12:45:19 [INFO] [195460] [195466] [db_runner.h:72] insert data to TypeHashInfo success
2026-07-16 12:45:19 [INFO] [195460] [195466] [base_dumper.h:56] Dump TypeHashInfo data success
2026-07-16 12:45:19 [INFO] [195460] [195460] [time_logger.h:32] HostTraceWorker start
2026-07-16 12:45:19 [INFO] [195460] [195460] [time_logger.h:32] Group all events start
2026-07-16 12:45:19 [INFO] [195460] [195479] [time_logger.h:32] Group Kernel start
2026-07-16 12:45:19 [INFO] [195460] [195472] [time_logger.h:32] Group GraphIdMap start
2026-07-16 12:45:19 [INFO] [195460] [195475] [time_logger.h:32] Group FusionOpInfo start
2026-07-16 12:45:19 [INFO] [195460] [195474] [time_logger.h:32] Group NodeBasicInfo start
2026-07-16 12:45:19 [INFO] [195460] [195477] [time_logger.h:32] Group NodeAttrInfo start
2026-07-16 12:45:19 [INFO] [195460] [195478] [time_logger.h:32] Group TensorInfo start
2026-07-16 12:45:19 [INFO] [195460] [195475] [time_logger.h:39] Group FusionOpInfo end, cost time = 0 ms
2026-07-16 12:45:19 [INFO] [195460] [195472] [time_logger.h:39] Group GraphIdMap end, cost time = 0 ms
2026-07-16 12:45:19 [INFO] [195460] [195473] [time_logger.h:32] Group ContextId start
2026-07-16 12:45:19 [INFO] [195460] [195474] [time_logger.h:39] Group NodeBasicInfo end, cost time = 0 ms
2026-07-16 12:45:19 [INFO] [195460] [195475] [time_logger.h:32] Group HcclInfo start
2026-07-16 12:45:19 [INFO] [195460] [195476] [time_logger.h:32] Group TaskTrack start
2026-07-16 12:45:19 [INFO] [195460] [195478] [time_logger.h:39] Group TensorInfo end, cost time = 0 ms
2026-07-16 12:45:19 [INFO] [195460] [195473] [time_logger.h:39] Group ContextId end, cost time = 0 ms
2026-07-16 12:45:19 [INFO] [195460] [195475] [time_logger.h:39] Group HcclInfo end, cost time = 0 ms
2026-07-16 12:45:19 [INFO] [195460] [195477] [time_logger.h:39] Group NodeAttrInfo end, cost time = 0 ms
2026-07-16 12:45:19 [INFO] [195460] [195472] [time_logger.h:32] Group HcclOpInfo start
2026-07-16 12:45:19 [INFO] [195460] [195472] [time_logger.h:39] Group HcclOpInfo end, cost time = 0 ms
2026-07-16 12:45:19 [INFO] [195460] [195476] [time_logger.h:39] Group TaskTrack end, cost time = 1 ms
2026-07-16 12:45:19 [INFO] [195460] [195479] [time_logger.h:39] Group Kernel end, cost time = 4 ms
2026-07-16 12:45:19 [INFO] [195460] [195460] [event_grouper.cpp:127] After group events, Kernel: 62, GraphId: 0, FusionOp: 0, NodeBasic: 0, NodeAttr: 0, Tensor: 0, ContextId: 0, HcclInfo: 0, TaskTrack: 3, HcclOpInfo: 0, thread: 195296
2026-07-16 12:45:19 [INFO] [195460] [195460] [event_grouper.cpp:127] After group events, Kernel: 4221, GraphId: 0, FusionOp: 0, NodeBasic: 0, NodeAttr: 0, Tensor: 0, ContextId: 0, HcclInfo: 0, TaskTrack: 2110, HcclOpInfo: 0, thread: 195398
2026-07-16 12:45:19 [INFO] [195460] [195460] [time_logger.h:39] Group all events end, cost time = 4 ms
2026-07-16 12:45:19 [INFO] [195460] [195495] [time_logger.h:32] Dump api data start start
2026-07-16 12:45:19 [INFO] [195460] [195487] [time_logger.h:32] Dump flip tasks data start start
2026-07-16 12:45:19 [INFO] [195460] [195488] [time_logger.h:32] Multi thread build tree start
2026-07-16 12:45:19 [INFO] [195460] [195489] [time_logger.h:32] Dump model name data start start
2026-07-16 12:45:19 [INFO] [195460] [195487] [db_runner.cpp:53] Start create HostTaskFlip
2026-07-16 12:45:19 [WARN] [195460] [195489] [base_dumper.h:42] Input data is empty, pass dump
2026-07-16 12:45:19 [INFO] [195460] [195489] [time_logger.h:39] Dump model name data start end, cost time = 0 ms
2026-07-16 12:45:19 [INFO] [195460] [195505] [host_trace_worker.cpp:69] Start multi thread build tree, threadId = 195296
2026-07-16 12:45:19 [INFO] [195460] [195497] [host_trace_worker.cpp:69] Start multi thread build tree, threadId = 195398
2026-07-16 12:45:19 [INFO] [195460] [195505] [event_queue.cpp:72] EventQueue for thread 195296 is empty
2026-07-16 04:45:19 [INFO] [195460] [195487] [db_runner.cpp:66] create HostTaskFlip success
2026-07-16 12:45:19 [INFO] [195460] [195505] [event_queue.cpp:72] EventQueue for thread 195296 is empty
2026-07-16 12:45:19 [INFO] [195460] [195487] [db_runner.h:61] Start insert data to HostTaskFlip
2026-07-16 12:45:19 [INFO] [195460] [195495] [db_runner.cpp:53] Start create ApiData
2026-07-16 12:45:19 [WARN] [195460] [195506] [tree_builder.cpp:192] No Events, event type: 8, threadId = 195296
2026-07-16 12:45:19 [WARN] [195460] [195508] [tree_builder.cpp:192] No Events, event type: 2, threadId = 195296
2026-07-16 12:45:19 [WARN] [195460] [195507] [tree_builder.cpp:192] No Events, event type: 6, threadId = 195296
2026-07-16 12:45:19 [WARN] [195460] [195508] [tree_builder.cpp:192] No Events, event type: 3, threadId = 195296
2026-07-16 12:45:19 [WARN] [195460] [195507] [tree_builder.cpp:192] No Events, event type: 5, threadId = 195296
2026-07-16 12:45:19 [INFO] [195460] [195487] [db_runner.h:72] insert data to HostTaskFlip success
2026-07-16 12:45:19 [WARN] [195460] [195508] [tree_builder.cpp:192] No Events, event type: 4, threadId = 195296
2026-07-16 12:45:19 [WARN] [195460] [195508] [tree_builder.cpp:192] No Events, event type: 6, threadId = 195296
2026-07-16 12:45:19 [WARN] [195460] [195508] [tree_builder.cpp:192] No Events, event type: 10, threadId = 195296
2026-07-16 12:45:19 [INFO] [195460] [195487] [base_dumper.h:56] Dump HostTaskFlip data success
2026-07-16 12:45:19 [INFO] [195460] [195487] [time_logger.h:39] Dump flip tasks data start end, cost time = 0 ms
2026-07-16 12:45:19 [INFO] [195460] [195505] [tree_builder.cpp:73] Build Tree End, ThreadId = 195296
2026-07-16 12:45:19 [INFO] [195460] [195505] [host_trace_worker.cpp:79] Multi thread build tree done, threadId = 195296
2026-07-16 12:45:19 [INFO] [195460] [195495] [db_runner.cpp:66] create ApiData success
2026-07-16 12:45:19 [INFO] [195460] [195497] [event_queue.cpp:72] EventQueue for thread 195398 is empty
2026-07-16 12:45:19 [INFO] [195460] [195497] [event_queue.cpp:72] EventQueue for thread 195398 is empty
2026-07-16 12:45:19 [WARN] [195460] [195511] [tree_builder.cpp:192] No Events, event type: 8, threadId = 195398
2026-07-16 12:45:19 [WARN] [195460] [195513] [tree_builder.cpp:192] No Events, event type: 2, threadId = 195398
2026-07-16 12:45:19 [WARN] [195460] [195511] [tree_builder.cpp:192] No Events, event type: 6, threadId = 195398
2026-07-16 12:45:19 [WARN] [195460] [195513] [tree_builder.cpp:192] No Events, event type: 3, threadId = 195398
2026-07-16 12:45:19 [WARN] [195460] [195511] [tree_builder.cpp:192] No Events, event type: 5, threadId = 195398
2026-07-16 12:45:19 [WARN] [195460] [195513] [tree_builder.cpp:192] No Events, event type: 4, threadId = 195398
2026-07-16 12:45:19 [WARN] [195460] [195513] [tree_builder.cpp:192] No Events, event type: 6, threadId = 195398
2026-07-16 12:45:19 [WARN] [195460] [195513] [tree_builder.cpp:192] No Events, event type: 10, threadId = 195398
2026-07-16 12:45:19 [INFO] [195460] [195495] [db_runner.h:61] Start insert data to ApiData
2026-07-16 12:45:19 [INFO] [195460] [195497] [tree_builder.cpp:73] Build Tree End, ThreadId = 195398
2026-07-16 12:45:19 [INFO] [195460] [195497] [host_trace_worker.cpp:79] Multi thread build tree done, threadId = 195398
2026-07-16 12:45:19 [INFO] [195460] [195488] [time_logger.h:39] Multi thread build tree end, cost time = 3 ms
2026-07-16 12:45:19 [INFO] [195460] [195488] [time_logger.h:32] Multi thread analyze tree and dump data start
2026-07-16 12:45:19 [INFO] [195460] [195514] [host_trace_worker.cpp:95] Start analyze tree and dump data, threadId = 195296
2026-07-16 12:45:19 [INFO] [195460] [195515] [host_trace_worker.cpp:95] Start analyze tree and dump data, threadId = 195398
2026-07-16 12:45:19 [INFO] [195460] [195514] [time_logger.h:32] Dump CANN data start
2026-07-16 12:45:19 [INFO] [195460] [195524] [cann_trace_db_dumper.cpp:148] Empty hccl OPs
2026-07-16 12:45:19 [INFO] [195460] [195527] [cann_trace_db_dumper.cpp:217] Empty kernel tasks
2026-07-16 12:45:19 [INFO] [195460] [195526] [time_logger.h:32] Dump host tasks start
2026-07-16 12:45:19 [INFO] [195460] [195525] [cann_trace_db_dumper.cpp:449] Empty geFusionOps
2026-07-16 12:45:19 [INFO] [195460] [195524] [cann_trace_db_dumper.cpp:396] Empty hccl tasks
2026-07-16 12:45:19 [INFO] [195460] [195526] [db_runner.cpp:53] Start create HostTask
2026-07-16 12:45:19 [INFO] [195460] [195526] [db_runner.cpp:66] create HostTask success
2026-07-16 12:45:19 [INFO] [195460] [195526] [db_runner.h:61] Start insert data to HostTask
2026-07-16 12:45:19 [INFO] [195460] [195526] [db_runner.h:72] insert data to HostTask success
2026-07-16 12:45:19 [INFO] [195460] [195526] [time_logger.h:39] Dump host tasks end, cost time = 0 ms
2026-07-16 12:45:19 [INFO] [195460] [195514] [time_logger.h:39] Dump CANN data end, cost time = 0 ms
2026-07-16 12:45:19 [INFO] [195460] [195514] [host_trace_worker.cpp:103] Dump cann trace data done, threadId = 195296
2026-07-16 12:45:19 [INFO] [195460] [195515] [time_logger.h:32] Dump CANN data start
2026-07-16 12:45:19 [INFO] [195460] [195528] [cann_trace_db_dumper.cpp:148] Empty hccl OPs
2026-07-16 12:45:19 [INFO] [195460] [195528] [cann_trace_db_dumper.cpp:396] Empty hccl tasks
2026-07-16 12:45:19 [INFO] [195460] [195531] [cann_trace_db_dumper.cpp:449] Empty geFusionOps
2026-07-16 12:45:19 [INFO] [195460] [195528] [time_logger.h:32] DumpOpDesc Start start
2026-07-16 12:45:19 [INFO] [195460] [195530] [time_logger.h:32] Dump host tasks start
2026-07-16 12:45:19 [INFO] [195460] [195528] [db_runner.cpp:53] Start create TaskInfo
2026-07-16 12:45:19 [INFO] [195460] [195530] [db_runner.cpp:53] Start create HostTask
2026-07-16 12:45:19 [INFO] [195460] [195530] [db_runner.cpp:66] create HostTask success
2026-07-16 12:45:19 [INFO] [195460] [195528] [db_runner.cpp:66] create TaskInfo success
2026-07-16 12:45:19 [INFO] [195460] [195528] [db_runner.h:61] Start insert data to TaskInfo
2026-07-16 12:45:19 [INFO] [195460] [195530] [db_runner.h:61] Start insert data to HostTask
2026-07-16 12:45:19 [INFO] [195460] [195530] [db_runner.h:72] insert data to HostTask success
2026-07-16 12:45:19 [INFO] [195460] [195530] [time_logger.h:39] Dump host tasks end, cost time = 4 ms
2026-07-16 12:45:19 [INFO] [195460] [195495] [db_runner.h:72] insert data to ApiData success
2026-07-16 12:45:19 [INFO] [195460] [195495] [base_dumper.h:56] Dump ApiData data success
2026-07-16 12:45:19 [INFO] [195460] [195528] [db_runner.h:72] insert data to TaskInfo success
2026-07-16 12:45:19 [INFO] [195460] [195495] [time_logger.h:39] Dump api data start end, cost time = 13 ms
2026-07-16 12:45:19 [INFO] [195460] [195528] [time_logger.h:39] DumpOpDesc Start end, cost time = 6 ms
2026-07-16 12:45:19 [INFO] [195460] [195515] [time_logger.h:39] Dump CANN data end, cost time = 6 ms
2026-07-16 12:45:19 [INFO] [195460] [195515] [host_trace_worker.cpp:103] Dump cann trace data done, threadId = 195398
2026-07-16 12:45:19 [INFO] [195460] [195488] [time_logger.h:39] Multi thread analyze tree and dump data end, cost time = 10 ms
2026-07-16 12:45:19 [INFO] [195460] [195460] [time_logger.h:32] Dump memcpy info data start start
2026-07-16 12:45:19 [WARN] [195460] [195460] [base_dumper.h:42] Input data is empty, pass dump
2026-07-16 12:45:19 [INFO] [195460] [195460] [time_logger.h:39] Dump memcpy info data start end, cost time = 0 ms
2026-07-16 12:45:19 [INFO] [195460] [195460] [time_logger.h:39] HostTraceWorker end, cost time = 19 ms
