2026-07-16 13:02:44 [INFO] [229726] [229726] [kernel_parser_worker.cpp:46] Start run KernelParserWorker
2026-07-16 13:02:44 [INFO] [229726] [229728] [kernel_parser_worker.cpp:58] Start parse hash data
2026-07-16 13:02:44 [INFO] [229726] [229728] [kernel_parser_worker.cpp:78] Hash data load from path: /mnt/workspace/cannbot_ascendc_vs_pypto/operators/relu/reports/raw/pypto_b64/PROF_000001_20260716130236860_00228997HEJMBQHJ/host/data
2026-07-16 13:02:44 [INFO] [229726] [229729] [kernel_parser_worker.cpp:62] Start parse type info data
2026-07-16 13:02:44 [INFO] [229726] [229729] [kernel_parser_worker.cpp:100] Typeinfo data load from path: /mnt/workspace/cannbot_ascendc_vs_pypto/operators/relu/reports/raw/pypto_b64/PROF_000001_20260716130236860_00228997HEJMBQHJ/host/data
2026-07-16 13:02:44 [INFO] [229726] [229728] [kernel_parser_worker.cpp:80] Start load runtime op info data
2026-07-16 13:02:44 [INFO] [229726] [229728] [kernel_parser_worker.cpp:83] success get hash data
2026-07-16 13:02:44 [INFO] [229726] [229728] [kernel_parser_worker.cpp:90] success get hashDbDumper
2026-07-16 13:02:44 [INFO] [229726] [229728] [db_runner.cpp:53] Start create GeHashInfo
2026-07-16 13:02:44 [INFO] [229726] [229728] [db_runner.cpp:66] create GeHashInfo success
2026-07-16 13:02:44 [INFO] [229726] [229728] [db_runner.h:61] Start insert data to GeHashInfo
2026-07-16 13:02:44 [INFO] [229726] [229729] [db_runner.cpp:53] Start create TypeHashInfo
2026-07-16 13:02:44 [INFO] [229726] [229728] [db_runner.h:72] insert data to GeHashInfo success
2026-07-16 13:02:44 [INFO] [229726] [229728] [base_dumper.h:56] Dump GeHashInfo data success
2026-07-16 13:02:44 [INFO] [229726] [229729] [db_runner.cpp:66] create TypeHashInfo success
2026-07-16 13:02:44 [INFO] [229726] [229729] [db_runner.h:61] Start insert data to TypeHashInfo
2026-07-16 13:02:44 [INFO] [229726] [229729] [db_runner.h:72] insert data to TypeHashInfo success
2026-07-16 13:02:44 [INFO] [229726] [229729] [base_dumper.h:56] Dump TypeHashInfo data success
2026-07-16 13:02:44 [INFO] [229726] [229726] [time_logger.h:32] HostTraceWorker start
2026-07-16 13:02:44 [INFO] [229726] [229726] [time_logger.h:32] Group all events start
2026-07-16 13:02:44 [INFO] [229726] [229731] [time_logger.h:32] Group Kernel start
2026-07-16 13:02:44 [INFO] [229726] [229732] [time_logger.h:32] Group GraphIdMap start
2026-07-16 13:02:44 [INFO] [229726] [229737] [time_logger.h:32] Group FusionOpInfo start
2026-07-16 13:02:44 [INFO] [229726] [229734] [time_logger.h:32] Group NodeBasicInfo start
2026-07-16 13:02:44 [INFO] [229726] [229735] [time_logger.h:32] Group NodeAttrInfo start
2026-07-16 13:02:44 [INFO] [229726] [229732] [time_logger.h:39] Group GraphIdMap end, cost time = 0 ms
2026-07-16 13:02:44 [INFO] [229726] [229736] [time_logger.h:32] Group TensorInfo start
2026-07-16 13:02:44 [INFO] [229726] [229730] [time_logger.h:32] Group ContextId start
2026-07-16 13:02:44 [INFO] [229726] [229732] [time_logger.h:32] Group HcclInfo start
2026-07-16 13:02:44 [INFO] [229726] [229734] [time_logger.h:39] Group NodeBasicInfo end, cost time = 0 ms
2026-07-16 13:02:44 [INFO] [229726] [229737] [time_logger.h:39] Group FusionOpInfo end, cost time = 0 ms
2026-07-16 13:02:44 [INFO] [229726] [229736] [time_logger.h:39] Group TensorInfo end, cost time = 0 ms
2026-07-16 13:02:44 [INFO] [229726] [229735] [time_logger.h:39] Group NodeAttrInfo end, cost time = 0 ms
2026-07-16 13:02:44 [INFO] [229726] [229733] [time_logger.h:32] Group TaskTrack start
2026-07-16 13:02:44 [INFO] [229726] [229732] [time_logger.h:39] Group HcclInfo end, cost time = 0 ms
2026-07-16 13:02:44 [INFO] [229726] [229734] [time_logger.h:32] Group HcclOpInfo start
2026-07-16 13:02:44 [INFO] [229726] [229734] [time_logger.h:39] Group HcclOpInfo end, cost time = 0 ms
2026-07-16 13:02:44 [INFO] [229726] [229730] [time_logger.h:39] Group ContextId end, cost time = 0 ms
2026-07-16 13:02:44 [INFO] [229726] [229731] [time_logger.h:39] Group Kernel end, cost time = 0 ms
2026-07-16 13:02:44 [INFO] [229726] [229733] [time_logger.h:39] Group TaskTrack end, cost time = 0 ms
2026-07-16 13:02:44 [INFO] [229726] [229726] [event_grouper.cpp:127] After group events, Kernel: 921, GraphId: 0, FusionOp: 0, NodeBasic: 0, NodeAttr: 0, Tensor: 0, ContextId: 100, HcclInfo: 0, TaskTrack: 604, HcclOpInfo: 0, thread: 228997
2026-07-16 13:02:44 [INFO] [229726] [229726] [event_grouper.cpp:127] After group events, Kernel: 1, GraphId: 0, FusionOp: 0, NodeBasic: 0, NodeAttr: 0, Tensor: 0, ContextId: 0, HcclInfo: 0, TaskTrack: 0, HcclOpInfo: 0, thread: 229212
2026-07-16 13:02:44 [INFO] [229726] [229726] [time_logger.h:39] Group all events end, cost time = 1 ms
2026-07-16 13:02:44 [INFO] [229726] [229747] [time_logger.h:32] Dump api data start start
2026-07-16 13:02:44 [INFO] [229726] [229738] [time_logger.h:32] Dump flip tasks data start start
2026-07-16 13:02:44 [INFO] [229726] [229741] [time_logger.h:32] Dump model name data start start
2026-07-16 13:02:44 [INFO] [229726] [229738] [db_runner.cpp:53] Start create HostTaskFlip
2026-07-16 13:02:44 [INFO] [229726] [229740] [time_logger.h:32] Multi thread build tree start
2026-07-16 13:02:44 [INFO] [229726] [229747] [db_runner.cpp:53] Start create ApiData
2026-07-16 13:02:44 [WARN] [229726] [229741] [base_dumper.h:42] Input data is empty, pass dump
2026-07-16 13:02:44 [INFO] [229726] [229741] [time_logger.h:39] Dump model name data start end, cost time = 0 ms
2026-07-16 13:02:44 [INFO] [229726] [229748] [host_trace_worker.cpp:69] Start multi thread build tree, threadId = 228997
2026-07-16 13:02:44 [INFO] [229726] [229749] [host_trace_worker.cpp:69] Start multi thread build tree, threadId = 229212
2026-07-16 13:02:44 [INFO] [229726] [229749] [event_queue.cpp:72] EventQueue for thread 229212 is empty
2026-07-16 13:02:44 [INFO] [229726] [229749] [event_queue.cpp:72] EventQueue for thread 229212 is empty
2026-07-16 13:02:44 [INFO] [229726] [229738] [db_runner.cpp:66] create HostTaskFlip success
2026-07-16 13:02:44 [INFO] [229726] [229738] [db_runner.h:61] Start insert data to HostTaskFlip
2026-07-16 13:02:44 [INFO] [229726] [229747] [db_runner.cpp:66] create ApiData success
2026-07-16 13:02:44 [WARN] [229726] [229759] [tree_builder.cpp:192] No Events, event type: 8, threadId = 229212
2026-07-16 13:02:44 [WARN] [229726] [229760] [tree_builder.cpp:192] No Events, event type: 2, threadId = 229212
2026-07-16 13:02:44 [WARN] [229726] [229758] [tree_builder.cpp:192] No Events, event type: 6, threadId = 229212
2026-07-16 13:02:44 [WARN] [229726] [229760] [tree_builder.cpp:192] No Events, event type: 3, threadId = 229212
2026-07-16 13:02:44 [WARN] [229726] [229758] [tree_builder.cpp:192] No Events, event type: 5, threadId = 229212
2026-07-16 13:02:44 [WARN] [229726] [229760] [tree_builder.cpp:192] No Events, event type: 4, threadId = 229212
2026-07-16 13:02:44 [WARN] [229726] [229760] [tree_builder.cpp:192] No Events, event type: 6, threadId = 229212
2026-07-16 13:02:44 [INFO] [229726] [229748] [event_queue.cpp:72] EventQueue for thread 228997 is empty
2026-07-16 13:02:44 [WARN] [229726] [229760] [tree_builder.cpp:192] No Events, event type: 10, threadId = 229212
2026-07-16 13:02:44 [INFO] [229726] [229748] [event_queue.cpp:72] EventQueue for thread 228997 is empty
2026-07-16 13:02:44 [INFO] [229726] [229738] [db_runner.h:72] insert data to HostTaskFlip success
2026-07-16 13:02:44 [INFO] [229726] [229749] [tree_builder.cpp:268] TaskTrack Events have been processed, threadId = 229212
2026-07-16 13:02:44 [INFO] [229726] [229749] [tree_builder.cpp:73] Build Tree End, ThreadId = 229212
2026-07-16 13:02:44 [INFO] [229726] [229738] [base_dumper.h:56] Dump HostTaskFlip data success
2026-07-16 13:02:44 [INFO] [229726] [229749] [host_trace_worker.cpp:79] Multi thread build tree done, threadId = 229212
2026-07-16 13:02:44 [INFO] [229726] [229738] [time_logger.h:39] Dump flip tasks data start end, cost time = 0 ms
2026-07-16 13:02:44 [WARN] [229726] [229761] [tree_builder.cpp:192] No Events, event type: 8, threadId = 228997
2026-07-16 13:02:44 [WARN] [229726] [229762] [tree_builder.cpp:192] No Events, event type: 2, threadId = 228997
2026-07-16 13:02:44 [WARN] [229726] [229761] [tree_builder.cpp:192] No Events, event type: 6, threadId = 228997
2026-07-16 13:02:44 [WARN] [229726] [229762] [tree_builder.cpp:192] No Events, event type: 3, threadId = 228997
2026-07-16 13:02:44 [WARN] [229726] [229761] [tree_builder.cpp:192] No Events, event type: 5, threadId = 228997
2026-07-16 13:02:44 [WARN] [229726] [229762] [tree_builder.cpp:192] No Events, event type: 4, threadId = 228997
2026-07-16 13:02:44 [INFO] [229726] [229747] [db_runner.h:61] Start insert data to ApiData
2026-07-16 13:02:44 [INFO] [229726] [229762] [tree_builder.cpp:234] Add LevelEvents done, threadId = 228997, event type: 6, matchCnt = 100, mismatchCnt = 0 
2026-07-16 13:02:44 [WARN] [229726] [229762] [tree_builder.cpp:192] No Events, event type: 10, threadId = 228997
2026-07-16 13:02:44 [INFO] [229726] [229748] [tree_builder.cpp:73] Build Tree End, ThreadId = 228997
2026-07-16 13:02:44 [INFO] [229726] [229748] [host_trace_worker.cpp:79] Multi thread build tree done, threadId = 228997
2026-07-16 13:02:44 [INFO] [229726] [229740] [time_logger.h:39] Multi thread build tree end, cost time = 1 ms
2026-07-16 13:02:44 [INFO] [229726] [229740] [time_logger.h:32] Multi thread analyze tree and dump data start
2026-07-16 13:02:44 [INFO] [229726] [229773] [host_trace_worker.cpp:95] Start analyze tree and dump data, threadId = 229212
2026-07-16 13:02:44 [INFO] [229726] [229764] [host_trace_worker.cpp:95] Start analyze tree and dump data, threadId = 228997
2026-07-16 13:02:44 [INFO] [229726] [229773] [time_logger.h:32] Dump CANN data start
2026-07-16 13:02:44 [INFO] [229726] [229775] [cann_trace_db_dumper.cpp:148] Empty hccl OPs
2026-07-16 13:02:44 [INFO] [229726] [229747] [db_runner.h:72] insert data to ApiData success
2026-07-16 13:02:44 [INFO] [229726] [229777] [cann_trace_db_dumper.cpp:449] Empty geFusionOps
2026-07-16 13:02:44 [INFO] [229726] [229776] [cann_trace_db_dumper.cpp:181] Empty host tasks
2026-07-16 13:02:44 [INFO] [229726] [229775] [cann_trace_db_dumper.cpp:396] Empty hccl tasks
2026-07-16 13:02:44 [INFO] [229726] [229747] [base_dumper.h:56] Dump ApiData data success
2026-07-16 13:02:44 [INFO] [229726] [229774] [cann_trace_db_dumper.cpp:217] Empty kernel tasks
2026-07-16 13:02:44 [INFO] [229726] [229773] [time_logger.h:39] Dump CANN data end, cost time = 0 ms
2026-07-16 13:02:44 [INFO] [229726] [229773] [host_trace_worker.cpp:103] Dump cann trace data done, threadId = 229212
2026-07-16 13:02:44 [INFO] [229726] [229747] [time_logger.h:39] Dump api data start end, cost time = 2 ms
2026-07-16 13:02:44 [INFO] [229726] [229764] [time_logger.h:32] Dump CANN data start
2026-07-16 13:02:44 [INFO] [229726] [229778] [cann_trace_db_dumper.cpp:148] Empty hccl OPs
2026-07-16 13:02:44 [INFO] [229726] [229778] [cann_trace_db_dumper.cpp:396] Empty hccl tasks
2026-07-16 13:02:44 [INFO] [229726] [229781] [cann_trace_db_dumper.cpp:449] Empty geFusionOps
2026-07-16 13:02:44 [INFO] [229726] [229779] [time_logger.h:32] DumpOpDesc Start start
2026-07-16 13:02:44 [INFO] [229726] [229779] [db_runner.cpp:53] Start create TaskInfo
2026-07-16 13:02:44 [INFO] [229726] [229780] [time_logger.h:32] Dump host tasks start
2026-07-16 13:02:44 [INFO] [229726] [229780] [db_runner.cpp:53] Start create HostTask
2026-07-16 13:02:44 [INFO] [229726] [229779] [db_runner.cpp:66] create TaskInfo success
2026-07-16 13:02:44 [INFO] [229726] [229780] [db_runner.cpp:66] create HostTask success
2026-07-16 13:02:44 [WARN] [229726] [229779] [cann_trace_db_dumper.cpp:319] Can't get task's kernel name, streamId is 43, taskId is 0, batch id is 0, timestamp is 8318128462443.
2026-07-16 13:02:44 [INFO] [229726] [229779] [db_runner.h:61] Start insert data to TaskInfo
2026-07-16 13:02:44 [INFO] [229726] [229780] [db_runner.h:61] Start insert data to HostTask
2026-07-16 13:02:44 [INFO] [229726] [229779] [db_runner.h:72] insert data to TaskInfo success
2026-07-16 13:02:44 [INFO] [229726] [229779] [time_logger.h:39] DumpOpDesc Start end, cost time = 1 ms
2026-07-16 13:02:44 [INFO] [229726] [229780] [db_runner.h:72] insert data to HostTask success
2026-07-16 13:02:44 [INFO] [229726] [229780] [time_logger.h:39] Dump host tasks end, cost time = 1 ms
2026-07-16 13:02:44 [INFO] [229726] [229764] [time_logger.h:39] Dump CANN data end, cost time = 2 ms
2026-07-16 13:02:44 [INFO] [229726] [229764] [host_trace_worker.cpp:103] Dump cann trace data done, threadId = 228997
2026-07-16 13:02:44 [INFO] [229726] [229740] [time_logger.h:39] Multi thread analyze tree and dump data end, cost time = 3 ms
2026-07-16 13:02:44 [INFO] [229726] [229726] [time_logger.h:32] Dump memcpy info data start start
2026-07-16 13:02:44 [WARN] [229726] [229726] [base_dumper.h:42] Input data is empty, pass dump
2026-07-16 13:02:44 [INFO] [229726] [229726] [time_logger.h:39] Dump memcpy info data start end, cost time = 0 ms
2026-07-16 13:02:44 [INFO] [229726] [229726] [time_logger.h:39] HostTraceWorker end, cost time = 6 ms
