2026-07-16 12:47:05 [INFO] [198895] [198895] [kernel_parser_worker.cpp:46] Start run KernelParserWorker
2026-07-16 12:47:05 [INFO] [198895] [198898] [kernel_parser_worker.cpp:58] Start parse hash data
2026-07-16 12:47:05 [INFO] [198895] [198897] [kernel_parser_worker.cpp:62] Start parse type info data
2026-07-16 12:47:05 [INFO] [198895] [198898] [kernel_parser_worker.cpp:78] Hash data load from path: /mnt/workspace/cannbot_ascendc_vs_pypto/operators/add/reports/raw/pypto_b1/PROF_000001_20260716124658116_00198324ACOLKAKA/host/data
2026-07-16 12:47:05 [INFO] [198895] [198897] [kernel_parser_worker.cpp:100] Typeinfo data load from path: /mnt/workspace/cannbot_ascendc_vs_pypto/operators/add/reports/raw/pypto_b1/PROF_000001_20260716124658116_00198324ACOLKAKA/host/data
2026-07-16 12:47:05 [INFO] [198895] [198898] [kernel_parser_worker.cpp:80] Start load runtime op info data
2026-07-16 12:47:05 [INFO] [198895] [198898] [kernel_parser_worker.cpp:83] success get hash data
2026-07-16 12:47:05 [INFO] [198895] [198898] [kernel_parser_worker.cpp:90] success get hashDbDumper
2026-07-16 12:47:05 [INFO] [198895] [198898] [db_runner.cpp:53] Start create GeHashInfo
2026-07-16 12:47:05 [INFO] [198895] [198898] [db_runner.cpp:66] create GeHashInfo success
2026-07-16 12:47:05 [INFO] [198895] [198898] [db_runner.h:61] Start insert data to GeHashInfo
2026-07-16 12:47:05 [INFO] [198895] [198897] [db_runner.cpp:53] Start create TypeHashInfo
2026-07-16 12:47:05 [INFO] [198895] [198898] [db_runner.h:72] insert data to GeHashInfo success
2026-07-16 12:47:05 [INFO] [198895] [198898] [base_dumper.h:56] Dump GeHashInfo data success
2026-07-16 12:47:05 [INFO] [198895] [198897] [db_runner.cpp:66] create TypeHashInfo success
2026-07-16 12:47:05 [INFO] [198895] [198897] [db_runner.h:61] Start insert data to TypeHashInfo
2026-07-16 12:47:05 [INFO] [198895] [198897] [db_runner.h:72] insert data to TypeHashInfo success
2026-07-16 12:47:05 [INFO] [198895] [198897] [base_dumper.h:56] Dump TypeHashInfo data success
2026-07-16 12:47:05 [INFO] [198895] [198895] [time_logger.h:32] HostTraceWorker start
2026-07-16 12:47:05 [INFO] [198895] [198895] [time_logger.h:32] Group all events start
2026-07-16 12:47:05 [INFO] [198895] [198900] [time_logger.h:32] Group Kernel start
2026-07-16 12:47:05 [INFO] [198895] [198901] [time_logger.h:32] Group FusionOpInfo start
2026-07-16 12:47:05 [INFO] [198895] [198899] [time_logger.h:32] Group GraphIdMap start
2026-07-16 12:47:05 [INFO] [198895] [198902] [time_logger.h:32] Group NodeBasicInfo start
2026-07-16 12:47:05 [INFO] [198895] [198903] [time_logger.h:32] Group NodeAttrInfo start
2026-07-16 12:47:05 [INFO] [198895] [198901] [time_logger.h:39] Group FusionOpInfo end, cost time = 0 ms
2026-07-16 12:47:05 [INFO] [198895] [198899] [time_logger.h:39] Group GraphIdMap end, cost time = 0 ms
2026-07-16 12:47:05 [INFO] [198895] [198904] [time_logger.h:32] Group TensorInfo start
2026-07-16 12:47:05 [INFO] [198895] [198905] [time_logger.h:32] Group ContextId start
2026-07-16 12:47:05 [INFO] [198895] [198906] [time_logger.h:32] Group HcclInfo start
2026-07-16 12:47:05 [INFO] [198895] [198901] [time_logger.h:32] Group TaskTrack start
2026-07-16 12:47:05 [INFO] [198895] [198904] [time_logger.h:39] Group TensorInfo end, cost time = 0 ms
2026-07-16 12:47:05 [INFO] [198895] [198903] [time_logger.h:39] Group NodeAttrInfo end, cost time = 0 ms
2026-07-16 12:47:05 [INFO] [198895] [198899] [time_logger.h:32] Group HcclOpInfo start
2026-07-16 12:47:05 [INFO] [198895] [198902] [time_logger.h:39] Group NodeBasicInfo end, cost time = 0 ms
2026-07-16 12:47:05 [INFO] [198895] [198906] [time_logger.h:39] Group HcclInfo end, cost time = 0 ms
2026-07-16 12:47:05 [INFO] [198895] [198899] [time_logger.h:39] Group HcclOpInfo end, cost time = 0 ms
2026-07-16 12:47:05 [INFO] [198895] [198905] [time_logger.h:39] Group ContextId end, cost time = 0 ms
2026-07-16 12:47:05 [INFO] [198895] [198900] [time_logger.h:39] Group Kernel end, cost time = 1 ms
2026-07-16 12:47:05 [INFO] [198895] [198901] [time_logger.h:39] Group TaskTrack end, cost time = 1 ms
2026-07-16 12:47:05 [INFO] [198895] [198895] [event_grouper.cpp:127] After group events, Kernel: 2727, GraphId: 0, FusionOp: 0, NodeBasic: 0, NodeAttr: 0, Tensor: 0, ContextId: 300, HcclInfo: 0, TaskTrack: 1795, HcclOpInfo: 0, thread: 198324
2026-07-16 12:47:05 [INFO] [198895] [198895] [event_grouper.cpp:127] After group events, Kernel: 1, GraphId: 0, FusionOp: 0, NodeBasic: 0, NodeAttr: 0, Tensor: 0, ContextId: 0, HcclInfo: 0, TaskTrack: 0, HcclOpInfo: 0, thread: 198427
2026-07-16 12:47:05 [INFO] [198895] [198895] [time_logger.h:39] Group all events end, cost time = 1 ms
2026-07-16 12:47:05 [INFO] [198895] [198908] [time_logger.h:32] Dump api data start start
2026-07-16 12:47:05 [INFO] [198895] [198907] [time_logger.h:32] Dump flip tasks data start start
2026-07-16 12:47:05 [INFO] [198895] [198916] [time_logger.h:32] Dump model name data start start
2026-07-16 12:47:05 [INFO] [198895] [198910] [time_logger.h:32] Multi thread build tree start
2026-07-16 12:47:05 [INFO] [198895] [198907] [db_runner.cpp:53] Start create HostTaskFlip
2026-07-16 12:47:05 [WARN] [198895] [198916] [base_dumper.h:42] Input data is empty, pass dump
2026-07-16 12:47:05 [INFO] [198895] [198916] [time_logger.h:39] Dump model name data start end, cost time = 0 ms
2026-07-16 12:47:05 [INFO] [198895] [198908] [db_runner.cpp:53] Start create ApiData
2026-07-16 12:47:05 [INFO] [198895] [198918] [host_trace_worker.cpp:69] Start multi thread build tree, threadId = 198324
2026-07-16 12:47:05 [INFO] [198895] [198917] [host_trace_worker.cpp:69] Start multi thread build tree, threadId = 198427
2026-07-16 12:47:05 [INFO] [198895] [198907] [db_runner.cpp:66] create HostTaskFlip success
2026-07-16 12:47:05 [INFO] [198895] [198917] [event_queue.cpp:72] EventQueue for thread 198427 is empty
2026-07-16 12:47:05 [INFO] [198895] [198917] [event_queue.cpp:72] EventQueue for thread 198427 is empty
2026-07-16 12:47:05 [INFO] [198895] [198907] [db_runner.h:61] Start insert data to HostTaskFlip
2026-07-16 12:47:05 [WARN] [198895] [198928] [tree_builder.cpp:192] No Events, event type: 8, threadId = 198427
2026-07-16 12:47:05 [WARN] [198895] [198929] [tree_builder.cpp:192] No Events, event type: 2, threadId = 198427
2026-07-16 12:47:05 [WARN] [198895] [198927] [tree_builder.cpp:192] No Events, event type: 6, threadId = 198427
2026-07-16 12:47:05 [WARN] [198895] [198929] [tree_builder.cpp:192] No Events, event type: 3, threadId = 198427
2026-07-16 12:47:05 [WARN] [198895] [198927] [tree_builder.cpp:192] No Events, event type: 5, threadId = 198427
2026-07-16 12:47:05 [WARN] [198895] [198929] [tree_builder.cpp:192] No Events, event type: 4, threadId = 198427
2026-07-16 12:47:05 [WARN] [198895] [198929] [tree_builder.cpp:192] No Events, event type: 6, threadId = 198427
2026-07-16 12:47:05 [WARN] [198895] [198929] [tree_builder.cpp:192] No Events, event type: 10, threadId = 198427
2026-07-16 12:47:05 [INFO] [198895] [198908] [db_runner.cpp:66] create ApiData success
2026-07-16 12:47:05 [INFO] [198895] [198917] [tree_builder.cpp:268] TaskTrack Events have been processed, threadId = 198427
2026-07-16 12:47:05 [INFO] [198895] [198917] [tree_builder.cpp:73] Build Tree End, ThreadId = 198427
2026-07-16 12:47:05 [INFO] [198895] [198917] [host_trace_worker.cpp:79] Multi thread build tree done, threadId = 198427
2026-07-16 12:47:05 [INFO] [198895] [198907] [db_runner.h:72] insert data to HostTaskFlip success
2026-07-16 12:47:05 [INFO] [198895] [198907] [base_dumper.h:56] Dump HostTaskFlip data success
2026-07-16 12:47:05 [INFO] [198895] [198907] [time_logger.h:39] Dump flip tasks data start end, cost time = 0 ms
2026-07-16 12:47:05 [INFO] [198895] [198918] [event_queue.cpp:72] EventQueue for thread 198324 is empty
2026-07-16 12:47:05 [INFO] [198895] [198918] [event_queue.cpp:72] EventQueue for thread 198324 is empty
2026-07-16 12:47:05 [WARN] [198895] [198930] [tree_builder.cpp:192] No Events, event type: 8, threadId = 198324
2026-07-16 12:47:05 [WARN] [198895] [198931] [tree_builder.cpp:192] No Events, event type: 2, threadId = 198324
2026-07-16 12:47:05 [WARN] [198895] [198932] [tree_builder.cpp:192] No Events, event type: 6, threadId = 198324
2026-07-16 12:47:05 [WARN] [198895] [198931] [tree_builder.cpp:192] No Events, event type: 3, threadId = 198324
2026-07-16 12:47:05 [WARN] [198895] [198932] [tree_builder.cpp:192] No Events, event type: 5, threadId = 198324
2026-07-16 12:47:05 [WARN] [198895] [198931] [tree_builder.cpp:192] No Events, event type: 4, threadId = 198324
2026-07-16 12:47:05 [INFO] [198895] [198908] [db_runner.h:61] Start insert data to ApiData
2026-07-16 12:47:05 [INFO] [198895] [198931] [tree_builder.cpp:234] Add LevelEvents done, threadId = 198324, event type: 6, matchCnt = 300, mismatchCnt = 0 
2026-07-16 12:47:05 [WARN] [198895] [198931] [tree_builder.cpp:192] No Events, event type: 10, threadId = 198324
2026-07-16 12:47:05 [INFO] [198895] [198918] [tree_builder.cpp:73] Build Tree End, ThreadId = 198324
2026-07-16 12:47:05 [INFO] [198895] [198918] [host_trace_worker.cpp:79] Multi thread build tree done, threadId = 198324
2026-07-16 12:47:05 [INFO] [198895] [198910] [time_logger.h:39] Multi thread build tree end, cost time = 3 ms
2026-07-16 12:47:05 [INFO] [198895] [198910] [time_logger.h:32] Multi thread analyze tree and dump data start
2026-07-16 12:47:05 [INFO] [198895] [198934] [host_trace_worker.cpp:95] Start analyze tree and dump data, threadId = 198427
2026-07-16 12:47:05 [INFO] [198895] [198933] [host_trace_worker.cpp:95] Start analyze tree and dump data, threadId = 198324
2026-07-16 12:47:05 [INFO] [198895] [198934] [time_logger.h:32] Dump CANN data start
2026-07-16 12:47:05 [INFO] [198895] [198946] [cann_trace_db_dumper.cpp:148] Empty hccl OPs
2026-07-16 12:47:05 [INFO] [198895] [198945] [cann_trace_db_dumper.cpp:449] Empty geFusionOps
2026-07-16 12:47:05 [INFO] [198895] [198943] [cann_trace_db_dumper.cpp:217] Empty kernel tasks
2026-07-16 12:47:05 [INFO] [198895] [198944] [cann_trace_db_dumper.cpp:181] Empty host tasks
2026-07-16 12:47:05 [INFO] [198895] [198946] [cann_trace_db_dumper.cpp:396] Empty hccl tasks
2026-07-16 12:47:05 [INFO] [198895] [198934] [time_logger.h:39] Dump CANN data end, cost time = 0 ms
2026-07-16 12:47:05 [INFO] [198895] [198934] [host_trace_worker.cpp:103] Dump cann trace data done, threadId = 198427
2026-07-16 12:47:05 [INFO] [198895] [198908] [db_runner.h:72] insert data to ApiData success
2026-07-16 12:47:05 [INFO] [198895] [198908] [base_dumper.h:56] Dump ApiData data success
2026-07-16 12:47:05 [INFO] [198895] [198908] [time_logger.h:39] Dump api data start end, cost time = 4 ms
2026-07-16 12:47:05 [INFO] [198895] [198933] [time_logger.h:32] Dump CANN data start
2026-07-16 12:47:05 [INFO] [198895] [198947] [cann_trace_db_dumper.cpp:148] Empty hccl OPs
2026-07-16 12:47:05 [INFO] [198895] [198947] [cann_trace_db_dumper.cpp:396] Empty hccl tasks
2026-07-16 12:47:05 [INFO] [198895] [198950] [cann_trace_db_dumper.cpp:449] Empty geFusionOps
2026-07-16 12:47:05 [INFO] [198895] [198948] [time_logger.h:32] DumpOpDesc Start start
2026-07-16 12:47:05 [INFO] [198895] [198948] [db_runner.cpp:53] Start create TaskInfo
2026-07-16 12:47:05 [INFO] [198895] [198949] [time_logger.h:32] Dump host tasks start
2026-07-16 12:47:05 [INFO] [198895] [198949] [db_runner.cpp:53] Start create HostTask
2026-07-16 12:47:05 [INFO] [198895] [198948] [db_runner.cpp:66] create TaskInfo success
2026-07-16 12:47:05 [INFO] [198895] [198949] [db_runner.cpp:66] create HostTask success
2026-07-16 12:47:05 [WARN] [198895] [198948] [cann_trace_db_dumper.cpp:319] Can't get task's kernel name, streamId is 43, taskId is 0, batch id is 0, timestamp is 8224266926174.
2026-07-16 12:47:05 [INFO] [198895] [198948] [db_runner.h:61] Start insert data to TaskInfo
2026-07-16 12:47:05 [INFO] [198895] [198949] [db_runner.h:61] Start insert data to HostTask
2026-07-16 12:47:05 [INFO] [198895] [198948] [db_runner.h:72] insert data to TaskInfo success
2026-07-16 12:47:05 [INFO] [198895] [198948] [time_logger.h:39] DumpOpDesc Start end, cost time = 3 ms
2026-07-16 12:47:05 [INFO] [198895] [198949] [db_runner.h:72] insert data to HostTask success
2026-07-16 12:47:05 [INFO] [198895] [198949] [time_logger.h:39] Dump host tasks end, cost time = 4 ms
2026-07-16 12:47:05 [INFO] [198895] [198933] [time_logger.h:39] Dump CANN data end, cost time = 4 ms
2026-07-16 12:47:05 [INFO] [198895] [198933] [host_trace_worker.cpp:103] Dump cann trace data done, threadId = 198324
2026-07-16 12:47:05 [INFO] [198895] [198910] [time_logger.h:39] Multi thread analyze tree and dump data end, cost time = 7 ms
2026-07-16 12:47:05 [INFO] [198895] [198895] [time_logger.h:32] Dump memcpy info data start start
2026-07-16 12:47:05 [WARN] [198895] [198895] [base_dumper.h:42] Input data is empty, pass dump
2026-07-16 12:47:05 [INFO] [198895] [198895] [time_logger.h:39] Dump memcpy info data start end, cost time = 0 ms
2026-07-16 12:47:05 [INFO] [198895] [198895] [time_logger.h:39] HostTraceWorker end, cost time = 13 ms
