2026-07-16 12:44:53 [INFO] [194795] [194795] [time_logger.h:32] DeviceContextEntry  start
2026-07-16 12:44:53 [INFO] [194795] [194798] [parser.cpp:124] notify: no files pattern, don't need to parse
2026-07-16 12:44:53 [INFO] [194795] [194798] [freq_parser.cpp:71] FreqProfileData structCount is : 0
2026-07-16 12:44:53 [INFO] [194795] [194798] [freq_parser.cpp:99] Freq.data parser is completed, begin to save data into dataInventory!
2026-07-16 12:44:53 [INFO] [194795] [194798] [parser.cpp:181] Parser is completed!
2026-07-16 12:44:53 [INFO] [194795] [194799] [parser.cpp:55] loop: /mnt/workspace/cannbot_ascendc_vs_pypto/operators/add/reports/raw/torch_b16/PROF_000001_20260716124447212_00194525LLGJRALI/device_0/data/ts_track.data.0.slice_0, file size: 40
2026-07-16 12:44:53 [INFO] [194795] [194799] [parser.cpp:58] total size: 40
2026-07-16 12:44:53 [INFO] [194795] [194799] [parser.cpp:163] Parse filePrefix is: ts_track., the number of files is: 1, and the total size of all files is: 40
2026-07-16 12:44:53 [INFO] [194795] [194799] [parser.cpp:91] Data has been read to the memory successfully!
2026-07-16 12:44:53 [INFO] [194795] [194799] [ts_track_parser.cpp:69] TsTrack structCount: 1
2026-07-16 12:44:53 [INFO] [194795] [194799] [parser.cpp:181] Parser is completed!
2026-07-16 12:44:53 [INFO] [194795] [194797] [db_runner.h:79] Start query data
2026-07-16 12:44:53 [INFO] [194795] [194797] [db_runner.h:90] Query data success: SELECT expand_status from StreamExpandSpec LIMIT 1
2026-07-16 12:44:53 [INFO] [194795] [194796] [process_control.cpp:193] Level[0]Release Data Types: 
2026-07-16 12:44:53 [INFO] [194795] [194802] [freq_persistence.cpp:50] Start to process /mnt/workspace/cannbot_ascendc_vs_pypto/operators/add/reports/raw/torch_b16/PROF_000001_20260716124447212_00194525LLGJRALI/device_0/sqlite/freq.db.
2026-07-16 12:44:53 [INFO] [194795] [194802] [freq_persistence.cpp:54] The freq is default data no need to persistence!
2026-07-16 12:44:53 [INFO] [194795] [194804] [step_trace_process.cpp:201] Start to process step trace data
2026-07-16 12:44:53 [WARN] [194795] [194804] [step_trace_process.cpp:204] stepData is empty
2026-07-16 12:44:53 [INFO] [194795] [194801] [parser.cpp:55] loop: /mnt/workspace/cannbot_ascendc_vs_pypto/operators/add/reports/raw/torch_b16/PROF_000001_20260716124447212_00194525LLGJRALI/device_0/data/stars_soc.data.0.slice_0, file size: 270464
2026-07-16 12:44:53 [INFO] [194795] [194803] [parser.cpp:55] loop: /mnt/workspace/cannbot_ascendc_vs_pypto/operators/add/reports/raw/torch_b16/PROF_000001_20260716124447212_00194525LLGJRALI/device_0/data/ffts_profile.data.0.slice_0, file size: 268800
2026-07-16 12:44:53 [INFO] [194795] [194801] [parser.cpp:58] total size: 270464
2026-07-16 12:44:53 [INFO] [194795] [194803] [parser.cpp:58] total size: 268800
2026-07-16 12:44:53 [INFO] [194795] [194801] [parser.cpp:163] Parse filePrefix is: stars_soc., the number of files is: 1, and the total size of all files is: 270464
2026-07-16 12:44:53 [INFO] [194795] [194803] [parser.cpp:163] Parse filePrefix is: ffts_profile, the number of files is: 1, and the total size of all files is: 268800
2026-07-16 12:44:53 [INFO] [194795] [194801] [parser.cpp:91] Data has been read to the memory successfully!
2026-07-16 12:44:53 [INFO] [194795] [194801] [stars_soc_parser.cpp:81] StarsSoc structCount: 4226
2026-07-16 12:44:53 [INFO] [194795] [194803] [parser.cpp:91] Data has been read to the memory successfully!
2026-07-16 12:44:53 [INFO] [194795] [194803] [ffts_profile_parser.cpp:83] FftsProfileData structCount is : 2100
2026-07-16 12:44:53 [INFO] [194795] [194803] [ffts_profile_parser.cpp:97] Ffts_profile.data parser is completed, begin to save data into dataInventory!
2026-07-16 12:44:53 [INFO] [194795] [194803] [parser.cpp:181] Parser is completed!
2026-07-16 12:44:53 [INFO] [194795] [194801] [parser.cpp:181] Parser is completed!
2026-07-16 12:44:53 [INFO] [194795] [194796] [process_control.cpp:193] Level[1]Release Data Types: N8Analysis6Domain16StreamExpandSpecE 
2026-07-16 12:44:53 [INFO] [194795] [194807] [time_logger.h:32] LogModeling::SplitLogGroups  start
2026-07-16 12:44:53 [INFO] [194795] [194806] [acc_pmu_persistence.cpp:61] Start to process /mnt/workspace/cannbot_ascendc_vs_pypto/operators/add/reports/raw/torch_b16/PROF_000001_20260716124447212_00194525LLGJRALI/device_0/sqlite/acc_pmu.db.
2026-07-16 12:44:53 [INFO] [194795] [194806] [acc_pmu_persistence.cpp:65] There is no acc pmu data don't need to persistence!
2026-07-16 12:44:53 [INFO] [194795] [194805] [pmu_modeling.cpp:52] PMU modeling has done!
2026-07-16 12:44:53 [INFO] [194795] [194807] [time_logger.h:39] LogModeling::SplitLogGroups  end, cost time = 0 ms
2026-07-16 12:44:53 [INFO] [194795] [194807] [log_modeling.cpp:150] HalLogData size:4226
2026-07-16 12:44:53 [INFO] [194795] [194807] [log_modeling.cpp:151] acsqS stream:2, total:2113
2026-07-16 12:44:53 [INFO] [194795] [194807] [log_modeling.cpp:152] acsqE stream:2, total:2113
2026-07-16 12:44:53 [INFO] [194795] [194807] [log_modeling.cpp:153] fftsS stream:0, total:0
2026-07-16 12:44:53 [INFO] [194795] [194807] [log_modeling.cpp:154] fftsE stream:0, total:0
2026-07-16 12:44:53 [INFO] [194795] [194807] [time_logger.h:32] LogModeling::AddToDeviceTask  start
2026-07-16 12:44:53 [INFO] [194795] [194807] [log_modeling.cpp:224] ACSQ matched count:2113
2026-07-16 12:44:53 [INFO] [194795] [194807] [log_modeling.cpp:234] FFTS matched count:0
2026-07-16 12:44:53 [INFO] [194795] [194807] [time_logger.h:39] LogModeling::AddToDeviceTask  end, cost time = 1 ms
2026-07-16 12:44:53 [INFO] [194795] [194796] [process_control.cpp:193] Level[2]Release Data Types: St6vectorIN8Analysis6Domain10HalLogDataESaIS2_EE St6vectorIN8Analysis6Domain12HalTrackDataESaIS2_EE 
2026-07-16 12:44:53 [INFO] [194795] [194808] [db_runner.h:79] Start query data
2026-07-16 12:44:53 [INFO] [194795] [194808] [db_runner.h:90] Query data success: SELECT stream_id, request_id, batch_id, task_id, context_ids, model_id, task_type, kernel_name, connection_id, device_id FROM HostTask WHERE device_id IN (0)
2026-07-16 12:44:53 [INFO] [194795] [194808] [db_runner.h:79] Start query data
2026-07-16 12:44:53 [INFO] [194795] [194808] [db_runner.h:90] Query data success: SELECT stream_id, batch_id, task_id, context_id, block_num, mix_block_num FROM TaskInfo where device_id = 0
2026-07-16 12:44:53 [INFO] [194795] [194808] [load_host_data.cpp:101] Read host GE info 0 not in table.
2026-07-16 12:44:53 [WARN] [194795] [194808] [load_host_data.cpp:52] There is no /mnt/workspace/cannbot_ascendc_vs_pypto/operators/add/reports/raw/torch_b16/PROF_000001_20260716124447212_00194525LLGJRALI/device_0/..///host//sqlite/hccl.db
2026-07-16 12:44:53 [WARN] [194795] [194808] [load_host_data.cpp:52] There is no /mnt/workspace/cannbot_ascendc_vs_pypto/operators/add/reports/raw/torch_b16/PROF_000001_20260716124447212_00194525LLGJRALI/device_0/..///host//sqlite/hccl.db
2026-07-16 12:44:53 [INFO] [194795] [194796] [process_control.cpp:193] Level[3]Release Data Types: 
2026-07-16 12:44:53 [INFO] [194795] [194809] [pmu_association.cpp:42] context pmu count is : 2100
2026-07-16 12:44:53 [INFO] [194795] [194809] [pmu_association.cpp:43] block pmu count is : 0
2026-07-16 12:44:53 [INFO] [194795] [194809] [pmu_association.cpp:250] The acceleratorType of PMU is MIX
2026-07-16 12:44:53 [INFO] [194795] [194809] [pmu_association.cpp:190] Context PMU has been calculated!
2026-07-16 12:44:53 [INFO] [194795] [194810] [ascend_task_association.cpp:188] Found 2113 host device matched task, generate 2113 topDownTask
2026-07-16 12:44:53 [INFO] [194795] [194796] [process_control.cpp:193] Level[4]Release Data Types: St3mapIN8Analysis6Domain6TaskIdESt6vectorINS1_8HostTaskESaIS4_EESt4lessIS2_ESaISt4pairIKS2_S6_EEE St6vectorIN8Analysis6Domain10HalPmuDataESaIS2_EE St6vectorIN8Analysis6Domain14HalFreqLpmDataESaIS2_EE 
2026-07-16 12:44:53 [INFO] [194795] [194811] [hccl_calculator.cpp:57] Start Hccl calculator ProcessEntry.
2026-07-16 12:44:53 [INFO] [194795] [194811] [hccl_calculator.cpp:87] Start Hccl calculator GetHcclData.
2026-07-16 12:44:53 [INFO] [194795] [194811] [hccl_calculator.cpp:116] Start merge hccl task and ascend task.
2026-07-16 12:44:53 [INFO] [194795] [194812] [metric_summary_persistence.cpp:277] Start to process /mnt/workspace/cannbot_ascendc_vs_pypto/operators/add/reports/raw/torch_b16/PROF_000001_20260716124447212_00194525LLGJRALI/device_0/sqlite/metric_summary.db.
2026-07-16 12:44:53 [INFO] [194795] [194812] [db_runner.cpp:53] Start create MetricSummary
2026-07-16 12:44:53 [INFO] [194795] [194812] [db_runner.cpp:66] create MetricSummary success
2026-07-16 12:44:53 [INFO] [194795] [194811] [hccl_calculator.cpp:215] Start merge hccl op data.
2026-07-16 12:44:53 [INFO] [194795] [194811] [hccl_calculator.cpp:284] Start UpdateHcclOpNameByGroupName.
2026-07-16 12:44:53 [INFO] [194795] [194811] [hccl_calculator.cpp:308] Start UpdateHcclBandwidth.
2026-07-16 12:44:53 [INFO] [194795] [194811] [hccl_calculator.cpp:384] Start GetHcclStatisticsData.
2026-07-16 12:44:53 [WARN] [194795] [194811] [hccl_calculator.cpp:386] No op type in hccl data.
2026-07-16 12:44:53 [INFO] [194795] [194811] [hccl_calculator.cpp:438] Start inject hccl data.
2026-07-16 12:44:53 [INFO] [194795] [194812] [metric_summary_persistence.cpp:285] Process MetricSummary done!
2026-07-16 12:44:53 [INFO] [194795] [194796] [process_control.cpp:193] Level[5]Release Data Types: St3mapIN8Analysis6Domain6TaskIdESt6vectorINS1_10DeviceTaskESaIS4_EESt4lessIS2_ESaISt4pairIKS2_S6_EEE St6vectorIN8Analysis6Domain8HcclTaskESaIS2_EE 
2026-07-16 12:44:53 [INFO] [194795] [194814] [ascend_task_persistence.cpp:76] Start to process /mnt/workspace/cannbot_ascendc_vs_pypto/operators/add/reports/raw/torch_b16/PROF_000001_20260716124447212_00194525LLGJRALI/device_0/sqlite/ascend_task.db.
2026-07-16 12:44:53 [INFO] [194795] [194813] [device_hccl_persistence.cpp:133] Start to dump device hccl data.
2026-07-16 12:44:53 [WARN] [194795] [194813] [device_hccl_persistence.cpp:52] Hccl op data is empty.
2026-07-16 12:44:53 [WARN] [194795] [194813] [device_hccl_persistence.cpp:80] Hccl task data is empty.
2026-07-16 12:44:53 [WARN] [194795] [194813] [device_hccl_persistence.cpp:112] Hccl statistics data is empty.
2026-07-16 12:44:53 [INFO] [194795] [194814] [persistence_utils.h:43] Processor Save AscendTask Data.
2026-07-16 12:44:53 [INFO] [194795] [194814] [db_runner.cpp:53] Start create AscendTask
2026-07-16 12:44:53 [INFO] [194795] [194814] [db_runner.cpp:66] create AscendTask success
2026-07-16 12:44:53 [INFO] [194795] [194814] [db_runner.h:61] Start insert data to AscendTask
2026-07-16 12:44:53 [INFO] [194795] [194814] [db_runner.h:72] insert data to AscendTask success
2026-07-16 12:44:53 [INFO] [194795] [194814] [ascend_task_persistence.cpp:85] Process AscendTask done!
2026-07-16 12:44:53 [INFO] [194795] [194796] [process_control.cpp:193] Level[6]Release Data Types: St6vectorI11TopDownTaskSaIS0_EE St6vectorIN8Analysis6Domain14DeviceHcclTaskESaIS2_EE St6vectorIN8Analysis6Domain14HcclStatisticsESaIS2_EE St6vectorIN8Analysis6Domain6HcclOpESaIS2_EE 
2026-07-16 12:44:53 [INFO] [194795] [194795] [device_context.cpp:139] stat info: ===============================================================================
deivce file in /mnt/workspace/cannbot_ascendc_vs_pypto/operators/add/reports/raw/torch_b16/PROF_000001_20260716124447212_00194525LLGJRALI/device_0
chip id: 5, process levels:7
-------------------------------------------------------------------------------
level[0] generalResult:true, process num:4
	process0[FreqParser]:return: 0x0, mandatory:true
		dependProcessNames: 
		startTime:82,084,065,151 us, duration: 84 us
	process1[LoadStreamExpandSpec]:return: 0x0, mandatory:true
		dependProcessNames: 
		startTime:82,084,065,172 us, duration: 336 us
	process2[TsTrackParser]:return: 0x0, mandatory:true
		dependProcessNames: 
		startTime:82,084,065,198 us, duration: 115 us
	process3[DeviceTaskProcess]:return: 0x0, mandatory:true
		dependProcessNames: 
		startTime:82,084,065,222 us, duration: 16 us
-------------------------------------------------------------------------------
level[1] generalResult:true, process num:4
	process0[FreqPersistence]:return: 0x0, mandatory:true
		dependProcessNames: FreqParser, 
		startTime:82,084,065,637 us, duration: 48 us
	process1[StarsSocParser]:return: 0x0, mandatory:true
		dependProcessNames: LoadStreamExpandSpec, 
		startTime:82,084,065,640 us, duration: 4,745 us
	process2[StepTraceProcess]:return: 0x0, mandatory:false
		dependProcessNames: TsTrackParser, 
		startTime:82,084,065,665 us, duration: 41 us
	process3[FftsProfileParser]:return: 0x0, mandatory:true
		dependProcessNames: LoadStreamExpandSpec, 
		startTime:82,084,065,662 us, duration: 2,448 us
-------------------------------------------------------------------------------
level[2] generalResult:true, process num:3
	process0[Domain::LogModeling]:return: 0x0, mandatory:true
		dependProcessNames: StarsSocParser, TsTrackParser, 
		startTime:82,084,070,492 us, duration: 1,557 us
	process1[AccPmuPersistence]:return: 0x0, mandatory:true
		dependProcessNames: StarsSocParser, 
		startTime:82,084,070,502 us, duration: 62 us
	process2[PmuModeling]:return: 0x0, mandatory:true
		dependProcessNames: FftsProfileParser, TsTrackParser, 
		startTime:82,084,070,513 us, duration: 98 us
-------------------------------------------------------------------------------
level[3] generalResult:true, process num:1
	process0[LoadHostData]:return: 0x0, mandatory:false
		dependProcessNames: Domain::LogModeling, 
		startTime:82,084,072,184 us, duration: 4,167 us
-------------------------------------------------------------------------------
level[4] generalResult:true, process num:2
	process0[PmuAssociation]:return: 0x0, mandatory:true
		dependProcessNames: LoadHostData, PmuModeling, 
		startTime:82,084,076,480 us, duration: 5,284 us
	process1[AscendTaskAssociation]:return: 0x0, mandatory:true
		dependProcessNames: LoadHostData, 
		startTime:82,084,076,491 us, duration: 13,105 us
-------------------------------------------------------------------------------
level[5] generalResult:true, process num:2
	process0[HcclCalculator]:return: 0x0, mandatory:true
		dependProcessNames: AscendTaskAssociation, LoadHostData, 
		startTime:82,084,090,232 us, duration: 801 us
	process1[MetricSummaryPersistence]:return: 0x0, mandatory:false
		dependProcessNames: PmuAssociation, 
		startTime:82,084,090,243 us, duration: 5,391 us
-------------------------------------------------------------------------------
level[6] generalResult:true, process num:2
	process0[AscendTaskPersistence]:return: 0x0, mandatory:true
		dependProcessNames: HcclCalculator, 
		startTime:82,084,096,159 us, duration: 2,985 us
	process1[DeviceHcclPersistence]:return: 0x0, mandatory:true
		dependProcessNames: HcclCalculator, 
		startTime:82,084,096,170 us, duration: 52 us


2026-07-16 12:44:53 [INFO] [194795] [194795] [time_logger.h:39] DeviceContextEntry  end, cost time = 35 ms
