2026-07-16 12:48:59 [INFO] [204612] [204612] [kernel_parser_worker.cpp:46] Start run KernelParserWorker
2026-07-16 12:48:59 [INFO] [204612] [204614] [kernel_parser_worker.cpp:58] Start parse hash data
2026-07-16 12:48:59 [INFO] [204612] [204614] [kernel_parser_worker.cpp:78] Hash data load from path: /mnt/workspace/cannbot_ascendc_vs_pypto/operators/add/reports/raw/pypto_b16/PROF_000001_20260716124852756_00203843ICHPOOKD/host/data
2026-07-16 12:48:59 [INFO] [204612] [204615] [kernel_parser_worker.cpp:62] Start parse type info data
2026-07-16 12:48:59 [INFO] [204612] [204615] [kernel_parser_worker.cpp:100] Typeinfo data load from path: /mnt/workspace/cannbot_ascendc_vs_pypto/operators/add/reports/raw/pypto_b16/PROF_000001_20260716124852756_00203843ICHPOOKD/host/data
2026-07-16 12:48:59 [INFO] [204612] [204614] [kernel_parser_worker.cpp:80] Start load runtime op info data
2026-07-16 12:48:59 [INFO] [204612] [204614] [kernel_parser_worker.cpp:83] success get hash data
2026-07-16 12:48:59 [INFO] [204612] [204614] [kernel_parser_worker.cpp:90] success get hashDbDumper
2026-07-16 12:48:59 [INFO] [204612] [204614] [db_runner.cpp:53] Start create GeHashInfo
2026-07-16 12:48:59 [INFO] [204612] [204614] [db_runner.cpp:66] create GeHashInfo success
2026-07-16 12:48:59 [INFO] [204612] [204614] [db_runner.h:61] Start insert data to GeHashInfo
2026-07-16 12:48:59 [INFO] [204612] [204615] [db_runner.cpp:53] Start create TypeHashInfo
2026-07-16 12:48:59 [INFO] [204612] [204614] [db_runner.h:72] insert data to GeHashInfo success
2026-07-16 12:48:59 [INFO] [204612] [204614] [base_dumper.h:56] Dump GeHashInfo data success
2026-07-16 12:48:59 [INFO] [204612] [204615] [db_runner.cpp:66] create TypeHashInfo success
2026-07-16 12:48:59 [INFO] [204612] [204615] [db_runner.h:61] Start insert data to TypeHashInfo
2026-07-16 12:48:59 [INFO] [204612] [204615] [db_runner.h:72] insert data to TypeHashInfo success
2026-07-16 12:48:59 [INFO] [204612] [204615] [base_dumper.h:56] Dump TypeHashInfo data success
2026-07-16 12:48:59 [INFO] [204612] [204612] [time_logger.h:32] HostTraceWorker start
2026-07-16 12:48:59 [INFO] [204612] [204612] [time_logger.h:32] Group all events start
2026-07-16 12:48:59 [INFO] [204612] [204623] [time_logger.h:32] Group Kernel start
2026-07-16 12:48:59 [INFO] [204612] [204616] [time_logger.h:32] Group GraphIdMap start
2026-07-16 12:48:59 [INFO] [204612] [204619] [time_logger.h:32] Group FusionOpInfo start
2026-07-16 12:48:59 [INFO] [204612] [204618] [time_logger.h:32] Group NodeBasicInfo start
2026-07-16 12:48:59 [INFO] [204612] [204621] [time_logger.h:32] Group NodeAttrInfo start
2026-07-16 12:48:59 [INFO] [204612] [204622] [time_logger.h:32] Group TensorInfo start
2026-07-16 12:48:59 [INFO] [204612] [204616] [time_logger.h:39] Group GraphIdMap end, cost time = 0 ms
2026-07-16 12:48:59 [INFO] [204612] [204619] [time_logger.h:39] Group FusionOpInfo end, cost time = 0 ms
2026-07-16 12:48:59 [INFO] [204612] [204617] [time_logger.h:32] Group ContextId start
2026-07-16 12:48:59 [INFO] [204612] [204618] [time_logger.h:39] Group NodeBasicInfo end, cost time = 0 ms
2026-07-16 12:48:59 [INFO] [204612] [204620] [time_logger.h:32] Group HcclInfo start
2026-07-16 12:48:59 [INFO] [204612] [204621] [time_logger.h:39] Group NodeAttrInfo end, cost time = 0 ms
2026-07-16 12:48:59 [INFO] [204612] [204622] [time_logger.h:39] Group TensorInfo end, cost time = 0 ms
2026-07-16 12:48:59 [INFO] [204612] [204616] [time_logger.h:32] Group HcclOpInfo start
2026-07-16 12:48:59 [INFO] [204612] [204619] [time_logger.h:32] Group TaskTrack start
2026-07-16 12:48:59 [INFO] [204612] [204620] [time_logger.h:39] Group HcclInfo end, cost time = 0 ms
2026-07-16 12:48:59 [INFO] [204612] [204616] [time_logger.h:39] Group HcclOpInfo end, cost time = 0 ms
2026-07-16 12:48:59 [INFO] [204612] [204617] [time_logger.h:39] Group ContextId end, cost time = 0 ms
2026-07-16 12:48:59 [INFO] [204612] [204623] [time_logger.h:39] Group Kernel end, cost time = 1 ms
2026-07-16 12:48:59 [INFO] [204612] [204619] [time_logger.h:39] Group TaskTrack end, cost time = 1 ms
2026-07-16 12:48:59 [INFO] [204612] [204612] [event_grouper.cpp:127] After group events, Kernel: 2727, GraphId: 0, FusionOp: 0, NodeBasic: 0, NodeAttr: 0, Tensor: 0, ContextId: 300, HcclInfo: 0, TaskTrack: 1795, HcclOpInfo: 0, thread: 203843
2026-07-16 12:48:59 [INFO] [204612] [204612] [event_grouper.cpp:127] After group events, Kernel: 1, GraphId: 0, FusionOp: 0, NodeBasic: 0, NodeAttr: 0, Tensor: 0, ContextId: 0, HcclInfo: 0, TaskTrack: 0, HcclOpInfo: 0, thread: 204066
2026-07-16 12:48:59 [INFO] [204612] [204612] [time_logger.h:39] Group all events end, cost time = 1 ms
2026-07-16 12:48:59 [INFO] [204612] [204624] [time_logger.h:32] Dump flip tasks data start start
2026-07-16 12:48:59 [INFO] [204612] [204633] [time_logger.h:32] Dump api data start start
2026-07-16 12:48:59 [INFO] [204612] [204624] [db_runner.cpp:53] Start create HostTaskFlip
2026-07-16 12:48:59 [INFO] [204612] [204627] [time_logger.h:32] Dump model name data start start
2026-07-16 12:48:59 [INFO] [204612] [204626] [time_logger.h:32] Multi thread build tree start
2026-07-16 12:48:59 [WARN] [204612] [204627] [base_dumper.h:42] Input data is empty, pass dump
2026-07-16 12:48:59 [INFO] [204612] [204627] [time_logger.h:39] Dump model name data start end, cost time = 0 ms
2026-07-16 12:48:59 [INFO] [204612] [204633] [db_runner.cpp:53] Start create ApiData
2026-07-16 12:48:59 [INFO] [204612] [204624] [db_runner.cpp:66] create HostTaskFlip success
2026-07-16 12:48:59 [INFO] [204612] [204634] [host_trace_worker.cpp:69] Start multi thread build tree, threadId = 204066
2026-07-16 12:48:59 [INFO] [204612] [204635] [host_trace_worker.cpp:69] Start multi thread build tree, threadId = 203843
2026-07-16 12:48:59 [INFO] [204612] [204624] [db_runner.h:61] Start insert data to HostTaskFlip
2026-07-16 12:48:59 [INFO] [204612] [204634] [event_queue.cpp:72] EventQueue for thread 204066 is empty
2026-07-16 12:48:59 [INFO] [204612] [204634] [event_queue.cpp:72] EventQueue for thread 204066 is empty
2026-07-16 12:48:59 [WARN] [204612] [204645] [tree_builder.cpp:192] No Events, event type: 8, threadId = 204066
2026-07-16 12:48:59 [WARN] [204612] [204646] [tree_builder.cpp:192] No Events, event type: 2, threadId = 204066
2026-07-16 12:48:59 [WARN] [204612] [204646] [tree_builder.cpp:192] No Events, event type: 3, threadId = 204066
2026-07-16 12:48:59 [WARN] [204612] [204645] [tree_builder.cpp:192] No Events, event type: 6, threadId = 204066
2026-07-16 12:48:59 [WARN] [204612] [204646] [tree_builder.cpp:192] No Events, event type: 4, threadId = 204066
2026-07-16 12:48:59 [WARN] [204612] [204645] [tree_builder.cpp:192] No Events, event type: 5, threadId = 204066
2026-07-16 12:48:59 [WARN] [204612] [204646] [tree_builder.cpp:192] No Events, event type: 6, threadId = 204066
2026-07-16 12:48:59 [WARN] [204612] [204646] [tree_builder.cpp:192] No Events, event type: 10, threadId = 204066
2026-07-16 12:48:59 [INFO] [204612] [204633] [db_runner.cpp:66] create ApiData success
2026-07-16 12:48:59 [INFO] [204612] [204624] [db_runner.h:72] insert data to HostTaskFlip success
2026-07-16 12:48:59 [INFO] [204612] [204624] [base_dumper.h:56] Dump HostTaskFlip data success
2026-07-16 12:48:59 [INFO] [204612] [204624] [time_logger.h:39] Dump flip tasks data start end, cost time = 0 ms
2026-07-16 12:48:59 [INFO] [204612] [204635] [event_queue.cpp:72] EventQueue for thread 203843 is empty
2026-07-16 12:48:59 [INFO] [204612] [204635] [event_queue.cpp:72] EventQueue for thread 203843 is empty
2026-07-16 12:48:59 [WARN] [204612] [204648] [tree_builder.cpp:192] No Events, event type: 8, threadId = 203843
2026-07-16 12:48:59 [WARN] [204612] [204647] [tree_builder.cpp:192] No Events, event type: 6, threadId = 203843
2026-07-16 12:48:59 [WARN] [204612] [204649] [tree_builder.cpp:192] No Events, event type: 2, threadId = 203843
2026-07-16 12:48:59 [WARN] [204612] [204647] [tree_builder.cpp:192] No Events, event type: 5, threadId = 203843
2026-07-16 12:48:59 [WARN] [204612] [204649] [tree_builder.cpp:192] No Events, event type: 3, threadId = 203843
2026-07-16 12:48:59 [WARN] [204612] [204649] [tree_builder.cpp:192] No Events, event type: 4, threadId = 203843
2026-07-16 12:48:59 [INFO] [204612] [204633] [db_runner.h:61] Start insert data to ApiData
2026-07-16 12:48:59 [INFO] [204612] [204649] [tree_builder.cpp:234] Add LevelEvents done, threadId = 203843, event type: 6, matchCnt = 300, mismatchCnt = 0 
2026-07-16 12:48:59 [WARN] [204612] [204649] [tree_builder.cpp:192] No Events, event type: 10, threadId = 203843
2026-07-16 12:48:59 [INFO] [204612] [204635] [tree_builder.cpp:73] Build Tree End, ThreadId = 203843
2026-07-16 12:48:59 [INFO] [204612] [204635] [host_trace_worker.cpp:79] Multi thread build tree done, threadId = 203843
2026-07-16 12:48:59 [INFO] [204612] [204633] [db_runner.h:72] insert data to ApiData success
2026-07-16 12:48:59 [INFO] [204612] [204633] [base_dumper.h:56] Dump ApiData data success
2026-07-16 12:48:59 [INFO] [204612] [204633] [time_logger.h:39] Dump api data start end, cost time = 4 ms
2026-07-16 12:48:59 [INFO] [204612] [204634] [tree_builder.cpp:268] TaskTrack Events have been processed, threadId = 204066
2026-07-16 12:48:59 [INFO] [204612] [204634] [tree_builder.cpp:73] Build Tree End, ThreadId = 204066
2026-07-16 12:48:59 [INFO] [204612] [204634] [host_trace_worker.cpp:79] Multi thread build tree done, threadId = 204066
2026-07-16 12:48:59 [INFO] [204612] [204626] [time_logger.h:39] Multi thread build tree end, cost time = 4 ms
2026-07-16 12:48:59 [INFO] [204612] [204626] [time_logger.h:32] Multi thread analyze tree and dump data start
2026-07-16 12:48:59 [INFO] [204612] [204651] [host_trace_worker.cpp:95] Start analyze tree and dump data, threadId = 203843
2026-07-16 12:48:59 [INFO] [204612] [204659] [host_trace_worker.cpp:95] Start analyze tree and dump data, threadId = 204066
2026-07-16 12:48:59 [INFO] [204612] [204659] [time_logger.h:32] Dump CANN data start
2026-07-16 12:48:59 [INFO] [204612] [204661] [cann_trace_db_dumper.cpp:148] Empty hccl OPs
2026-07-16 12:48:59 [INFO] [204612] [204663] [cann_trace_db_dumper.cpp:217] Empty kernel tasks
2026-07-16 12:48:59 [INFO] [204612] [204660] [cann_trace_db_dumper.cpp:449] Empty geFusionOps
2026-07-16 12:48:59 [INFO] [204612] [204661] [cann_trace_db_dumper.cpp:396] Empty hccl tasks
2026-07-16 12:48:59 [INFO] [204612] [204662] [cann_trace_db_dumper.cpp:181] Empty host tasks
2026-07-16 12:48:59 [INFO] [204612] [204659] [time_logger.h:39] Dump CANN data end, cost time = 0 ms
2026-07-16 12:48:59 [INFO] [204612] [204659] [host_trace_worker.cpp:103] Dump cann trace data done, threadId = 204066
2026-07-16 12:48:59 [INFO] [204612] [204651] [time_logger.h:32] Dump CANN data start
2026-07-16 12:48:59 [INFO] [204612] [204667] [cann_trace_db_dumper.cpp:148] Empty hccl OPs
2026-07-16 12:48:59 [INFO] [204612] [204667] [cann_trace_db_dumper.cpp:396] Empty hccl tasks
2026-07-16 12:48:59 [INFO] [204612] [204664] [cann_trace_db_dumper.cpp:449] Empty geFusionOps
2026-07-16 12:48:59 [INFO] [204612] [204666] [time_logger.h:32] DumpOpDesc Start start
2026-07-16 12:48:59 [INFO] [204612] [204666] [db_runner.cpp:53] Start create TaskInfo
2026-07-16 12:48:59 [INFO] [204612] [204665] [time_logger.h:32] Dump host tasks start
2026-07-16 12:48:59 [INFO] [204612] [204665] [db_runner.cpp:53] Start create HostTask
2026-07-16 12:48:59 [INFO] [204612] [204665] [db_runner.cpp:66] create HostTask success
2026-07-16 12:48:59 [INFO] [204612] [204666] [db_runner.cpp:66] create TaskInfo success
2026-07-16 12:48:59 [WARN] [204612] [204666] [cann_trace_db_dumper.cpp:319] Can't get task's kernel name, streamId is 43, taskId is 0, batch id is 0, timestamp is 8235718970558.
2026-07-16 12:48:59 [INFO] [204612] [204666] [db_runner.h:61] Start insert data to TaskInfo
2026-07-16 12:48:59 [INFO] [204612] [204665] [db_runner.h:61] Start insert data to HostTask
2026-07-16 12:48:59 [INFO] [204612] [204666] [db_runner.h:72] insert data to TaskInfo success
2026-07-16 12:48:59 [INFO] [204612] [204666] [time_logger.h:39] DumpOpDesc Start end, cost time = 3 ms
2026-07-16 12:48:59 [INFO] [204612] [204665] [db_runner.h:72] insert data to HostTask success
2026-07-16 12:48:59 [INFO] [204612] [204665] [time_logger.h:39] Dump host tasks end, cost time = 4 ms
2026-07-16 12:48:59 [INFO] [204612] [204651] [time_logger.h:39] Dump CANN data end, cost time = 4 ms
2026-07-16 12:48:59 [INFO] [204612] [204651] [host_trace_worker.cpp:103] Dump cann trace data done, threadId = 203843
2026-07-16 12:48:59 [INFO] [204612] [204626] [time_logger.h:39] Multi thread analyze tree and dump data end, cost time = 7 ms
2026-07-16 12:48:59 [INFO] [204612] [204612] [time_logger.h:32] Dump memcpy info data start start
2026-07-16 12:48:59 [WARN] [204612] [204612] [base_dumper.h:42] Input data is empty, pass dump
2026-07-16 12:48:59 [INFO] [204612] [204612] [time_logger.h:39] Dump memcpy info data start end, cost time = 0 ms
2026-07-16 12:48:59 [INFO] [204612] [204612] [time_logger.h:39] HostTraceWorker end, cost time = 14 ms
