2026-07-16 12:58:19 [INFO] [217937] [217937] [kernel_parser_worker.cpp:46] Start run KernelParserWorker
2026-07-16 12:58:19 [INFO] [217937] [217940] [kernel_parser_worker.cpp:58] Start parse hash data
2026-07-16 12:58:19 [INFO] [217937] [217939] [kernel_parser_worker.cpp:62] Start parse type info data
2026-07-16 12:58:19 [INFO] [217937] [217940] [kernel_parser_worker.cpp:78] Hash data load from path: /mnt/workspace/cannbot_ascendc_vs_pypto/operators/relu/reports/raw/torch_b1/PROF_000001_20260716125813879_00217827OKFHMNBM/host/data
2026-07-16 12:58:19 [INFO] [217937] [217939] [kernel_parser_worker.cpp:100] Typeinfo data load from path: /mnt/workspace/cannbot_ascendc_vs_pypto/operators/relu/reports/raw/torch_b1/PROF_000001_20260716125813879_00217827OKFHMNBM/host/data
2026-07-16 12:58:19 [INFO] [217937] [217940] [kernel_parser_worker.cpp:80] Start load runtime op info data
2026-07-16 12:58:19 [INFO] [217937] [217940] [kernel_parser_worker.cpp:83] success get hash data
2026-07-16 12:58:19 [INFO] [217937] [217940] [kernel_parser_worker.cpp:90] success get hashDbDumper
2026-07-16 12:58:19 [INFO] [217937] [217940] [db_runner.cpp:53] Start create GeHashInfo
2026-07-16 12:58:19 [INFO] [217937] [217940] [db_runner.cpp:66] create GeHashInfo success
2026-07-16 12:58:19 [INFO] [217937] [217940] [db_runner.h:61] Start insert data to GeHashInfo
2026-07-16 12:58:19 [INFO] [217937] [217940] [db_runner.h:72] insert data to GeHashInfo success
2026-07-16 12:58:19 [INFO] [217937] [217939] [db_runner.cpp:53] Start create TypeHashInfo
2026-07-16 12:58:19 [INFO] [217937] [217940] [base_dumper.h:56] Dump GeHashInfo data success
2026-07-16 12:58:19 [INFO] [217937] [217939] [db_runner.cpp:66] create TypeHashInfo success
2026-07-16 12:58:19 [INFO] [217937] [217939] [db_runner.h:61] Start insert data to TypeHashInfo
2026-07-16 12:58:19 [INFO] [217937] [217939] [db_runner.h:72] insert data to TypeHashInfo success
2026-07-16 12:58:19 [INFO] [217937] [217939] [base_dumper.h:56] Dump TypeHashInfo data success
2026-07-16 12:58:19 [INFO] [217937] [217937] [time_logger.h:32] HostTraceWorker start
2026-07-16 12:58:19 [INFO] [217937] [217937] [time_logger.h:32] Group all events start
2026-07-16 12:58:19 [INFO] [217937] [217942] [time_logger.h:32] Group Kernel start
2026-07-16 12:58:19 [INFO] [217937] [217941] [time_logger.h:32] Group FusionOpInfo start
2026-07-16 12:58:19 [INFO] [217937] [217948] [time_logger.h:32] Group GraphIdMap start
2026-07-16 12:58:19 [INFO] [217937] [217944] [time_logger.h:32] Group NodeBasicInfo start
2026-07-16 12:58:19 [INFO] [217937] [217945] [time_logger.h:32] Group NodeAttrInfo start
2026-07-16 12:58:19 [INFO] [217937] [217941] [time_logger.h:39] Group FusionOpInfo end, cost time = 0 ms
2026-07-16 12:58:19 [INFO] [217937] [217946] [time_logger.h:32] Group TensorInfo start
2026-07-16 12:58:19 [INFO] [217937] [217947] [time_logger.h:32] Group ContextId start
2026-07-16 12:58:19 [INFO] [217937] [217948] [time_logger.h:39] Group GraphIdMap end, cost time = 0 ms
2026-07-16 12:58:19 [INFO] [217937] [217943] [time_logger.h:32] Group HcclInfo start
2026-07-16 12:58:19 [INFO] [217937] [217946] [time_logger.h:39] Group TensorInfo end, cost time = 0 ms
2026-07-16 12:58:19 [INFO] [217937] [217945] [time_logger.h:39] Group NodeAttrInfo end, cost time = 0 ms
2026-07-16 12:58:19 [INFO] [217937] [217944] [time_logger.h:39] Group NodeBasicInfo end, cost time = 0 ms
2026-07-16 12:58:19 [INFO] [217937] [217948] [time_logger.h:32] Group HcclOpInfo start
2026-07-16 12:58:19 [INFO] [217937] [217941] [time_logger.h:32] Group TaskTrack start
2026-07-16 12:58:19 [INFO] [217937] [217947] [time_logger.h:39] Group ContextId end, cost time = 0 ms
2026-07-16 12:58:19 [INFO] [217937] [217943] [time_logger.h:39] Group HcclInfo end, cost time = 0 ms
2026-07-16 12:58:19 [INFO] [217937] [217948] [time_logger.h:39] Group HcclOpInfo end, cost time = 0 ms
2026-07-16 12:58:19 [INFO] [217937] [217941] [time_logger.h:39] Group TaskTrack end, cost time = 0 ms
2026-07-16 12:58:19 [INFO] [217937] [217942] [time_logger.h:39] Group Kernel end, cost time = 1 ms
2026-07-16 12:58:19 [INFO] [217937] [217937] [event_grouper.cpp:127] After group events, Kernel: 51, GraphId: 0, FusionOp: 0, NodeBasic: 0, NodeAttr: 0, Tensor: 0, ContextId: 0, HcclInfo: 0, TaskTrack: 3, HcclOpInfo: 0, thread: 217827
2026-07-16 12:58:19 [INFO] [217937] [217937] [event_grouper.cpp:127] After group events, Kernel: 1421, GraphId: 0, FusionOp: 0, NodeBasic: 0, NodeAttr: 0, Tensor: 0, ContextId: 0, HcclInfo: 0, TaskTrack: 710, HcclOpInfo: 0, thread: 217903
2026-07-16 12:58:19 [INFO] [217937] [217937] [time_logger.h:39] Group all events end, cost time = 1 ms
2026-07-16 12:58:19 [INFO] [217937] [217958] [time_logger.h:32] Dump flip tasks data start start
2026-07-16 12:58:19 [INFO] [217937] [217952] [time_logger.h:32] Multi thread build tree start
2026-07-16 12:58:19 [INFO] [217937] [217958] [db_runner.cpp:53] Start create HostTaskFlip
2026-07-16 12:58:19 [INFO] [217937] [217950] [time_logger.h:32] Dump api data start start
2026-07-16 12:58:19 [INFO] [217937] [217951] [time_logger.h:32] Dump model name data start start
2026-07-16 12:58:19 [WARN] [217937] [217951] [base_dumper.h:42] Input data is empty, pass dump
2026-07-16 12:58:19 [INFO] [217937] [217951] [time_logger.h:39] Dump model name data start end, cost time = 0 ms
2026-07-16 12:58:19 [INFO] [217937] [217950] [db_runner.cpp:53] Start create ApiData
2026-07-16 12:58:19 [INFO] [217937] [217960] [host_trace_worker.cpp:69] Start multi thread build tree, threadId = 217827
2026-07-16 12:58:19 [INFO] [217937] [217959] [host_trace_worker.cpp:69] Start multi thread build tree, threadId = 217903
2026-07-16 12:58:19 [INFO] [217937] [217960] [event_queue.cpp:72] EventQueue for thread 217827 is empty
2026-07-16 12:58:19 [INFO] [217937] [217960] [event_queue.cpp:72] EventQueue for thread 217827 is empty
2026-07-16 12:58:19 [INFO] [217937] [217958] [db_runner.cpp:66] create HostTaskFlip success
2026-07-16 12:58:19 [INFO] [217937] [217958] [db_runner.h:61] Start insert data to HostTaskFlip
2026-07-16 12:58:19 [WARN] [217937] [217970] [tree_builder.cpp:192] No Events, event type: 8, threadId = 217827
2026-07-16 12:58:19 [WARN] [217937] [217969] [tree_builder.cpp:192] No Events, event type: 6, threadId = 217827
2026-07-16 12:58:19 [WARN] [217937] [217971] [tree_builder.cpp:192] No Events, event type: 2, threadId = 217827
2026-07-16 12:58:19 [WARN] [217937] [217969] [tree_builder.cpp:192] No Events, event type: 5, threadId = 217827
2026-07-16 12:58:19 [WARN] [217937] [217971] [tree_builder.cpp:192] No Events, event type: 3, threadId = 217827
2026-07-16 12:58:19 [WARN] [217937] [217971] [tree_builder.cpp:192] No Events, event type: 4, threadId = 217827
2026-07-16 12:58:19 [WARN] [217937] [217971] [tree_builder.cpp:192] No Events, event type: 6, threadId = 217827
2026-07-16 12:58:19 [WARN] [217937] [217971] [tree_builder.cpp:192] No Events, event type: 10, threadId = 217827
2026-07-16 12:58:19 [INFO] [217937] [217960] [tree_builder.cpp:73] Build Tree End, ThreadId = 217827
2026-07-16 12:58:19 [INFO] [217937] [217960] [host_trace_worker.cpp:79] Multi thread build tree done, threadId = 217827
2026-07-16 12:58:19 [INFO] [217937] [217958] [db_runner.h:72] insert data to HostTaskFlip success
2026-07-16 12:58:19 [INFO] [217937] [217958] [base_dumper.h:56] Dump HostTaskFlip data success
2026-07-16 12:58:19 [INFO] [217937] [217950] [db_runner.cpp:66] create ApiData success
2026-07-16 12:58:19 [INFO] [217937] [217958] [time_logger.h:39] Dump flip tasks data start end, cost time = 0 ms
2026-07-16 12:58:19 [INFO] [217937] [217959] [event_queue.cpp:72] EventQueue for thread 217903 is empty
2026-07-16 12:58:19 [INFO] [217937] [217959] [event_queue.cpp:72] EventQueue for thread 217903 is empty
2026-07-16 12:58:19 [WARN] [217937] [217972] [tree_builder.cpp:192] No Events, event type: 8, threadId = 217903
2026-07-16 12:58:19 [WARN] [217937] [217974] [tree_builder.cpp:192] No Events, event type: 6, threadId = 217903
2026-07-16 12:58:19 [WARN] [217937] [217973] [tree_builder.cpp:192] No Events, event type: 2, threadId = 217903
2026-07-16 12:58:19 [WARN] [217937] [217974] [tree_builder.cpp:192] No Events, event type: 5, threadId = 217903
2026-07-16 12:58:19 [WARN] [217937] [217973] [tree_builder.cpp:192] No Events, event type: 3, threadId = 217903
2026-07-16 12:58:19 [WARN] [217937] [217973] [tree_builder.cpp:192] No Events, event type: 4, threadId = 217903
2026-07-16 12:58:19 [WARN] [217937] [217973] [tree_builder.cpp:192] No Events, event type: 6, threadId = 217903
2026-07-16 12:58:19 [WARN] [217937] [217973] [tree_builder.cpp:192] No Events, event type: 10, threadId = 217903
2026-07-16 12:58:19 [INFO] [217937] [217950] [db_runner.h:61] Start insert data to ApiData
2026-07-16 12:58:19 [INFO] [217937] [217959] [tree_builder.cpp:73] Build Tree End, ThreadId = 217903
2026-07-16 12:58:19 [INFO] [217937] [217959] [host_trace_worker.cpp:79] Multi thread build tree done, threadId = 217903
2026-07-16 12:58:19 [INFO] [217937] [217952] [time_logger.h:39] Multi thread build tree end, cost time = 1 ms
2026-07-16 12:58:19 [INFO] [217937] [217952] [time_logger.h:32] Multi thread analyze tree and dump data start
2026-07-16 12:58:19 [INFO] [217937] [217976] [host_trace_worker.cpp:95] Start analyze tree and dump data, threadId = 217827
2026-07-16 12:58:19 [INFO] [217937] [217984] [host_trace_worker.cpp:95] Start analyze tree and dump data, threadId = 217903
2026-07-16 12:58:19 [INFO] [217937] [217976] [time_logger.h:32] Dump CANN data start
2026-07-16 12:58:19 [INFO] [217937] [217986] [cann_trace_db_dumper.cpp:148] Empty hccl OPs
2026-07-16 12:58:19 [INFO] [217937] [217987] [cann_trace_db_dumper.cpp:217] Empty kernel tasks
2026-07-16 12:58:19 [INFO] [217937] [217985] [time_logger.h:32] Dump host tasks start
2026-07-16 12:58:19 [INFO] [217937] [217986] [cann_trace_db_dumper.cpp:396] Empty hccl tasks
2026-07-16 12:58:19 [INFO] [217937] [217985] [db_runner.cpp:53] Start create HostTask
2026-07-16 12:58:19 [INFO] [217937] [217988] [cann_trace_db_dumper.cpp:449] Empty geFusionOps
2026-07-16 12:58:19 [INFO] [217937] [217985] [db_runner.cpp:66] create HostTask success
2026-07-16 12:58:19 [INFO] [217937] [217985] [db_runner.h:61] Start insert data to HostTask
2026-07-16 12:58:19 [INFO] [217937] [217985] [db_runner.h:72] insert data to HostTask success
2026-07-16 12:58:19 [INFO] [217937] [217985] [time_logger.h:39] Dump host tasks end, cost time = 0 ms
2026-07-16 12:58:19 [INFO] [217937] [217976] [time_logger.h:39] Dump CANN data end, cost time = 0 ms
2026-07-16 12:58:19 [INFO] [217937] [217976] [host_trace_worker.cpp:103] Dump cann trace data done, threadId = 217827
2026-07-16 12:58:19 [INFO] [217937] [217984] [time_logger.h:32] Dump CANN data start
2026-07-16 12:58:19 [INFO] [217937] [217989] [cann_trace_db_dumper.cpp:148] Empty hccl OPs
2026-07-16 12:58:19 [INFO] [217937] [217989] [cann_trace_db_dumper.cpp:396] Empty hccl tasks
2026-07-16 12:58:19 [INFO] [217937] [217992] [cann_trace_db_dumper.cpp:449] Empty geFusionOps
2026-07-16 12:58:19 [INFO] [217937] [217989] [time_logger.h:32] DumpOpDesc Start start
2026-07-16 12:58:19 [INFO] [217937] [217990] [time_logger.h:32] Dump host tasks start
2026-07-16 12:58:19 [INFO] [217937] [217989] [db_runner.cpp:53] Start create TaskInfo
2026-07-16 12:58:19 [INFO] [217937] [217990] [db_runner.cpp:53] Start create HostTask
2026-07-16 12:58:19 [INFO] [217937] [217990] [db_runner.cpp:66] create HostTask success
2026-07-16 12:58:19 [INFO] [217937] [217989] [db_runner.cpp:66] create TaskInfo success
2026-07-16 12:58:19 [INFO] [217937] [217990] [db_runner.h:61] Start insert data to HostTask
2026-07-16 12:58:19 [INFO] [217937] [217989] [db_runner.h:61] Start insert data to TaskInfo
2026-07-16 12:58:19 [INFO] [217937] [217950] [db_runner.h:72] insert data to ApiData success
2026-07-16 12:58:19 [INFO] [217937] [217950] [base_dumper.h:56] Dump ApiData data success
2026-07-16 12:58:19 [INFO] [217937] [217990] [db_runner.h:72] insert data to HostTask success
2026-07-16 12:58:19 [INFO] [217937] [217990] [time_logger.h:39] Dump host tasks end, cost time = 1 ms
2026-07-16 12:58:19 [INFO] [217937] [217950] [time_logger.h:39] Dump api data start end, cost time = 5 ms
2026-07-16 12:58:19 [INFO] [217937] [217989] [db_runner.h:72] insert data to TaskInfo success
2026-07-16 12:58:19 [INFO] [217937] [217989] [time_logger.h:39] DumpOpDesc Start end, cost time = 2 ms
2026-07-16 12:58:19 [INFO] [217937] [217984] [time_logger.h:39] Dump CANN data end, cost time = 2 ms
2026-07-16 12:58:19 [INFO] [217937] [217984] [host_trace_worker.cpp:103] Dump cann trace data done, threadId = 217903
2026-07-16 12:58:19 [INFO] [217937] [217952] [time_logger.h:39] Multi thread analyze tree and dump data end, cost time = 4 ms
2026-07-16 12:58:19 [INFO] [217937] [217937] [time_logger.h:32] Dump memcpy info data start start
2026-07-16 12:58:19 [WARN] [217937] [217937] [base_dumper.h:42] Input data is empty, pass dump
2026-07-16 12:58:19 [INFO] [217937] [217937] [time_logger.h:39] Dump memcpy info data start end, cost time = 0 ms
2026-07-16 12:58:19 [INFO] [217937] [217937] [time_logger.h:39] HostTraceWorker end, cost time = 8 ms
